{"/home/ad.rapidops.com/safi.shaikh/Desktop/Safi-Shaikh/Employees/src/use-case/add-employee.js":{"path":"/home/ad.rapidops.com/safi.shaikh/Desktop/Safi-Shaikh/Employees/src/use-case/add-employee.js","statementMap":{"0":{"start":{"line":1,"column":0},"end":{"line":159,"column":2}},"1":{"start":{"line":12,"column":2},"end":{"line":112,"column":4}},"2":{"start":{"line":26,"column":4},"end":{"line":111,"column":5}},"3":{"start":{"line":27,"column":20},"end":{"line":35,"column":8}},"4":{"start":{"line":37,"column":6},"end":{"line":38,"column":15}},"5":{"start":{"line":40,"column":29},"end":{"line":40,"column":78}},"6":{"start":{"line":42,"column":24},"end":{"line":42,"column":41}},"7":{"start":{"line":44,"column":27},"end":{"line":44,"column":58}},"8":{"start":{"line":45,"column":6},"end":{"line":49,"column":8}},"9":{"start":{"line":51,"column":29},"end":{"line":59,"column":8}},"10":{"start":{"line":61,"column":24},"end":{"line":61,"column":48}},"11":{"start":{"line":62,"column":21},"end":{"line":62,"column":46}},"12":{"start":{"line":63,"column":24},"end":{"line":63,"column":52}},"13":{"start":{"line":64,"column":23},"end":{"line":64,"column":50}},"14":{"start":{"line":65,"column":25},"end":{"line":65,"column":54}},"15":{"start":{"line":66,"column":20},"end":{"line":66,"column":44}},"16":{"start":{"line":67,"column":28},"end":{"line":67,"column":60}},"17":{"start":{"line":69,"column":21},"end":{"line":77,"column":8}},"18":{"start":{"line":79,"column":17},"end":{"line":79,"column":34}},"19":{"start":{"line":81,"column":27},"end":{"line":85,"column":8}},"20":{"start":{"line":87,"column":19},"end":{"line":90,"column":8}},"21":{"start":{"line":92,"column":6},"end":{"line":92,"column":31}},"22":{"start":{"line":93,"column":6},"end":{"line":103,"column":9}},"23":{"start":{"line":104,"column":6},"end":{"line":104,"column":34}},"24":{"start":{"line":105,"column":6},"end":{"line":105,"column":20}},"25":{"start":{"line":110,"column":6},"end":{"line":110,"column":16}},"26":{"start":{"line":122,"column":19},"end":{"line":142,"column":6}},"27":{"start":{"line":144,"column":29},"end":{"line":152,"column":6}},"28":{"start":{"line":154,"column":4},"end":{"line":156,"column":5}},"29":{"start":{"line":155,"column":6},"end":{"line":155,"column":47}},"30":{"start":{"line":157,"column":4},"end":{"line":157,"column":17}}},"fnMap":{"0":{"name":"makeAddEmployee","decl":{"start":{"line":1,"column":26},"end":{"line":1,"column":41}},"loc":{"start":{"line":11,"column":3},"end":{"line":159,"column":1}},"line":11},"1":{"name":"makeAddEmployee","decl":{"start":{"line":12,"column":24},"end":{"line":12,"column":39}},"loc":{"start":{"line":20,"column":5},"end":{"line":112,"column":3}},"line":20},"2":{"name":"validateData","decl":{"start":{"line":113,"column":11},"end":{"line":113,"column":23}},"loc":{"start":{"line":121,"column":5},"end":{"line":158,"column":3}},"line":121}},"branchMap":{"0":{"loc":{"start":{"line":154,"column":4},"end":{"line":156,"column":5}},"type":"if","locations":[{"start":{"line":154,"column":4},"end":{"line":156,"column":5}},{"start":{"line":154,"column":4},"end":{"line":156,"column":5}}],"line":154}},"s":{"0":1,"1":2,"2":19,"3":19,"4":2,"5":2,"6":1,"7":1,"8":1,"9":1,"10":1,"11":1,"12":1,"13":1,"14":1,"15":1,"16":1,"17":1,"18":1,"19":1,"20":1,"21":1,"22":1,"23":1,"24":1,"25":18,"26":19,"27":19,"28":19,"29":17,"30":2},"f":{"0":2,"1":19,"2":19},"b":{"0":[17,2]},"_coverageSchema":"1a1c01bbd47fc00a2c39e90264f33305004495a9","hash":"73f5685970c05a83a49c47f14ccad8219b3f54e4","contentHash":"7e5523f81583e587ebea44d167edca0c3ef450b2eedc9a2daeb473c482efbee2"},"/home/ad.rapidops.com/safi.shaikh/Desktop/Safi-Shaikh/Employees/src/use-case/add-employee.spec.js":{"path":"/home/ad.rapidops.com/safi.shaikh/Desktop/Safi-Shaikh/Employees/src/use-case/add-employee.spec.js","statementMap":{"0":{"start":{"line":1,"column":37},"end":{"line":1,"column":56}},"1":{"start":{"line":2,"column":12},"end":{"line":2,"column":26}},"2":{"start":{"line":4,"column":14},"end":{"line":4,"column":30}},"3":{"start":{"line":5,"column":15},"end":{"line":5,"column":37}},"4":{"start":{"line":6,"column":16},"end":{"line":6,"column":37}},"5":{"start":{"line":7,"column":55},"end":{"line":7,"column":79}},"6":{"start":{"line":8,"column":31},"end":{"line":8,"column":56}},"7":{"start":{"line":10,"column":0},"end":{"line":19,"column":3}},"8":{"start":{"line":11,"column":2},"end":{"line":11,"column":24}},"9":{"start":{"line":12,"column":2},"end":{"line":12,"column":27}},"10":{"start":{"line":13,"column":2},"end":{"line":13,"column":28}},"11":{"start":{"line":14,"column":2},"end":{"line":14,"column":31}},"12":{"start":{"line":15,"column":2},"end":{"line":15,"column":25}},"13":{"start":{"line":16,"column":2},"end":{"line":16,"column":24}},"14":{"start":{"line":18,"column":2},"end":{"line":18,"column":25}},"15":{"start":{"line":20,"column":0},"end":{"line":41,"column":2}},"16":{"start":{"line":32,"column":4},"end":{"line":32,"column":34}},"17":{"start":{"line":33,"column":4},"end":{"line":33,"column":40}},"18":{"start":{"line":34,"column":4},"end":{"line":34,"column":42}},"19":{"start":{"line":35,"column":4},"end":{"line":35,"column":48}},"20":{"start":{"line":36,"column":4},"end":{"line":36,"column":34}},"21":{"start":{"line":37,"column":4},"end":{"line":37,"column":36}},"22":{"start":{"line":38,"column":4},"end":{"line":38,"column":76}},"23":{"start":{"line":39,"column":4},"end":{"line":39,"column":52}},"24":{"start":{"line":43,"column":19},"end":{"line":45,"column":1}},"25":{"start":{"line":46,"column":26},"end":{"line":46,"column":67}},"26":{"start":{"line":47,"column":0},"end":{"line":59,"column":3}},"27":{"start":{"line":48,"column":2},"end":{"line":56,"column":5}},"28":{"start":{"line":58,"column":2},"end":{"line":58,"column":68}},"29":{"start":{"line":61,"column":23},"end":{"line":66,"column":1}},"30":{"start":{"line":68,"column":33},"end":{"line":71,"column":1}},"31":{"start":{"line":72,"column":0},"end":{"line":90,"column":3}},"32":{"start":{"line":73,"column":2},"end":{"line":73,"column":54}},"33":{"start":{"line":74,"column":2},"end":{"line":89,"column":3}},"34":{"start":{"line":75,"column":4},"end":{"line":81,"column":6}},"35":{"start":{"line":83,"column":4},"end":{"line":88,"column":6}},"36":{"start":{"line":92,"column":15},"end":{"line":94,"column":1}},"37":{"start":{"line":95,"column":17},"end":{"line":95,"column":45}},"38":{"start":{"line":96,"column":0},"end":{"line":100,"column":3}},"39":{"start":{"line":97,"column":2},"end":{"line":97,"column":45}},"40":{"start":{"line":99,"column":2},"end":{"line":99,"column":72}},"41":{"start":{"line":102,"column":28},"end":{"line":102,"column":75}},"42":{"start":{"line":103,"column":0},"end":{"line":124,"column":3}},"43":{"start":{"line":104,"column":16},"end":{"line":112,"column":3}},"44":{"start":{"line":113,"column":2},"end":{"line":113,"column":33}},"45":{"start":{"line":115,"column":2},"end":{"line":123,"column":4}},"46":{"start":{"line":116,"column":19},"end":{"line":116,"column":29}},"47":{"start":{"line":117,"column":20},"end":{"line":117,"column":31}},"48":{"start":{"line":118,"column":22},"end":{"line":118,"column":35}},"49":{"start":{"line":119,"column":23},"end":{"line":119,"column":37}},"50":{"start":{"line":120,"column":24},"end":{"line":120,"column":39}},"51":{"start":{"line":121,"column":19},"end":{"line":121,"column":29}},"52":{"start":{"line":122,"column":27},"end":{"line":122,"column":45}},"53":{"start":{"line":126,"column":17},"end":{"line":130,"column":1}},"54":{"start":{"line":132,"column":30},"end":{"line":132,"column":79}},"55":{"start":{"line":133,"column":0},"end":{"line":141,"column":3}},"56":{"start":{"line":134,"column":2},"end":{"line":138,"column":5}},"57":{"start":{"line":140,"column":2},"end":{"line":140,"column":58}},"58":{"start":{"line":143,"column":31},"end":{"line":146,"column":1}},"59":{"start":{"line":147,"column":0},"end":{"line":154,"column":3}},"60":{"start":{"line":148,"column":2},"end":{"line":151,"column":5}},"61":{"start":{"line":153,"column":2},"end":{"line":153,"column":25}},"62":{"start":{"line":156,"column":20},"end":{"line":167,"column":2}},"63":{"start":{"line":169,"column":0},"end":{"line":187,"column":3}},"64":{"start":{"line":170,"column":2},"end":{"line":186,"column":3}},"65":{"start":{"line":171,"column":4},"end":{"line":179,"column":7}},"66":{"start":{"line":181,"column":4},"end":{"line":185,"column":5}},"67":{"start":{"line":182,"column":6},"end":{"line":182,"column":31}},"68":{"start":{"line":184,"column":6},"end":{"line":184,"column":23}},"69":{"start":{"line":188,"column":0},"end":{"line":193,"column":2}},"70":{"start":{"line":191,"column":4},"end":{"line":191,"column":43}},"71":{"start":{"line":195,"column":0},"end":{"line":197,"column":3}},"72":{"start":{"line":196,"column":2},"end":{"line":196,"column":49}},"73":{"start":{"line":199,"column":0},"end":{"line":204,"column":2}},"74":{"start":{"line":202,"column":4},"end":{"line":202,"column":78}},"75":{"start":{"line":205,"column":0},"end":{"line":213,"column":2}},"76":{"start":{"line":208,"column":4},"end":{"line":211,"column":6}},"77":{"start":{"line":214,"column":0},"end":{"line":222,"column":2}},"78":{"start":{"line":217,"column":4},"end":{"line":220,"column":6}},"79":{"start":{"line":224,"column":0},"end":{"line":232,"column":2}},"80":{"start":{"line":227,"column":4},"end":{"line":230,"column":6}},"81":{"start":{"line":234,"column":0},"end":{"line":242,"column":2}},"82":{"start":{"line":237,"column":4},"end":{"line":240,"column":6}}},"fnMap":{"0":{"name":"(anonymous_0)","decl":{"start":{"line":10,"column":6},"end":{"line":10,"column":7}},"loc":{"start":{"line":10,"column":12},"end":{"line":19,"column":1}},"line":10},"1":{"name":"(anonymous_1)","decl":{"start":{"line":22,"column":2},"end":{"line":22,"column":3}},"loc":{"start":{"line":31,"column":7},"end":{"line":40,"column":3}},"line":31},"2":{"name":"(anonymous_2)","decl":{"start":{"line":44,"column":17},"end":{"line":44,"column":18}},"loc":{"start":{"line":44,"column":23},"end":{"line":44,"column":25}},"line":44},"3":{"name":"(anonymous_3)","decl":{"start":{"line":47,"column":28},"end":{"line":47,"column":29}},"loc":{"start":{"line":47,"column":38},"end":{"line":59,"column":1}},"line":47},"4":{"name":"(anonymous_4)","decl":{"start":{"line":62,"column":24},"end":{"line":62,"column":25}},"loc":{"start":{"line":62,"column":30},"end":{"line":62,"column":32}},"line":62},"5":{"name":"(anonymous_5)","decl":{"start":{"line":63,"column":19},"end":{"line":63,"column":20}},"loc":{"start":{"line":63,"column":25},"end":{"line":63,"column":27}},"line":63},"6":{"name":"(anonymous_6)","decl":{"start":{"line":64,"column":21},"end":{"line":64,"column":22}},"loc":{"start":{"line":64,"column":27},"end":{"line":64,"column":29}},"line":64},"7":{"name":"(anonymous_7)","decl":{"start":{"line":65,"column":22},"end":{"line":65,"column":23}},"loc":{"start":{"line":65,"column":28},"end":{"line":65,"column":30}},"line":65},"8":{"name":"(anonymous_8)","decl":{"start":{"line":72,"column":35},"end":{"line":72,"column":36}},"loc":{"start":{"line":72,"column":45},"end":{"line":90,"column":1}},"line":72},"9":{"name":"(anonymous_9)","decl":{"start":{"line":93,"column":8},"end":{"line":93,"column":9}},"loc":{"start":{"line":93,"column":14},"end":{"line":93,"column":16}},"line":93},"10":{"name":"(anonymous_10)","decl":{"start":{"line":96,"column":19},"end":{"line":96,"column":20}},"loc":{"start":{"line":96,"column":29},"end":{"line":100,"column":1}},"line":96},"11":{"name":"(anonymous_11)","decl":{"start":{"line":103,"column":30},"end":{"line":103,"column":31}},"loc":{"start":{"line":103,"column":40},"end":{"line":124,"column":1}},"line":103},"12":{"name":"(anonymous_12)","decl":{"start":{"line":116,"column":13},"end":{"line":116,"column":14}},"loc":{"start":{"line":116,"column":19},"end":{"line":116,"column":29}},"line":116},"13":{"name":"(anonymous_13)","decl":{"start":{"line":117,"column":14},"end":{"line":117,"column":15}},"loc":{"start":{"line":117,"column":20},"end":{"line":117,"column":31}},"line":117},"14":{"name":"(anonymous_14)","decl":{"start":{"line":118,"column":16},"end":{"line":118,"column":17}},"loc":{"start":{"line":118,"column":22},"end":{"line":118,"column":35}},"line":118},"15":{"name":"(anonymous_15)","decl":{"start":{"line":119,"column":17},"end":{"line":119,"column":18}},"loc":{"start":{"line":119,"column":23},"end":{"line":119,"column":37}},"line":119},"16":{"name":"(anonymous_16)","decl":{"start":{"line":120,"column":18},"end":{"line":120,"column":19}},"loc":{"start":{"line":120,"column":24},"end":{"line":120,"column":39}},"line":120},"17":{"name":"(anonymous_17)","decl":{"start":{"line":121,"column":13},"end":{"line":121,"column":14}},"loc":{"start":{"line":121,"column":19},"end":{"line":121,"column":29}},"line":121},"18":{"name":"(anonymous_18)","decl":{"start":{"line":122,"column":21},"end":{"line":122,"column":22}},"loc":{"start":{"line":122,"column":27},"end":{"line":122,"column":45}},"line":122},"19":{"name":"(anonymous_19)","decl":{"start":{"line":127,"column":11},"end":{"line":127,"column":12}},"loc":{"start":{"line":127,"column":17},"end":{"line":127,"column":19}},"line":127},"20":{"name":"(anonymous_20)","decl":{"start":{"line":128,"column":8},"end":{"line":128,"column":9}},"loc":{"start":{"line":128,"column":14},"end":{"line":128,"column":16}},"line":128},"21":{"name":"(anonymous_21)","decl":{"start":{"line":129,"column":14},"end":{"line":129,"column":15}},"loc":{"start":{"line":129,"column":20},"end":{"line":129,"column":22}},"line":129},"22":{"name":"(anonymous_22)","decl":{"start":{"line":133,"column":32},"end":{"line":133,"column":33}},"loc":{"start":{"line":133,"column":42},"end":{"line":141,"column":1}},"line":133},"23":{"name":"(anonymous_23)","decl":{"start":{"line":147,"column":33},"end":{"line":147,"column":34}},"loc":{"start":{"line":147,"column":43},"end":{"line":154,"column":1}},"line":147},"24":{"name":"(anonymous_24)","decl":{"start":{"line":169,"column":28},"end":{"line":169,"column":29}},"loc":{"start":{"line":169,"column":40},"end":{"line":187,"column":1}},"line":169},"25":{"name":"(anonymous_25)","decl":{"start":{"line":190,"column":2},"end":{"line":190,"column":3}},"loc":{"start":{"line":190,"column":15},"end":{"line":192,"column":3}},"line":190},"26":{"name":"(anonymous_26)","decl":{"start":{"line":195,"column":67},"end":{"line":195,"column":68}},"loc":{"start":{"line":195,"column":75},"end":{"line":197,"column":1}},"line":195},"27":{"name":"(anonymous_27)","decl":{"start":{"line":201,"column":2},"end":{"line":201,"column":3}},"loc":{"start":{"line":201,"column":38},"end":{"line":203,"column":3}},"line":201},"28":{"name":"(anonymous_28)","decl":{"start":{"line":207,"column":2},"end":{"line":207,"column":3}},"loc":{"start":{"line":207,"column":40},"end":{"line":212,"column":3}},"line":207},"29":{"name":"(anonymous_29)","decl":{"start":{"line":216,"column":2},"end":{"line":216,"column":3}},"loc":{"start":{"line":216,"column":45},"end":{"line":221,"column":3}},"line":216},"30":{"name":"(anonymous_30)","decl":{"start":{"line":226,"column":2},"end":{"line":226,"column":3}},"loc":{"start":{"line":226,"column":42},"end":{"line":231,"column":3}},"line":226},"31":{"name":"(anonymous_31)","decl":{"start":{"line":236,"column":2},"end":{"line":236,"column":3}},"loc":{"start":{"line":236,"column":43},"end":{"line":241,"column":3}},"line":236}},"branchMap":{"0":{"loc":{"start":{"line":32,"column":16},"end":{"line":32,"column":33}},"type":"binary-expr","locations":[{"start":{"line":32,"column":16},"end":{"line":32,"column":20}},{"start":{"line":32,"column":24},"end":{"line":32,"column":33}}],"line":32},"1":{"loc":{"start":{"line":33,"column":19},"end":{"line":33,"column":39}},"type":"binary-expr","locations":[{"start":{"line":33,"column":19},"end":{"line":33,"column":26}},{"start":{"line":33,"column":30},"end":{"line":33,"column":39}}],"line":33},"2":{"loc":{"start":{"line":34,"column":20},"end":{"line":34,"column":41}},"type":"binary-expr","locations":[{"start":{"line":34,"column":20},"end":{"line":34,"column":28}},{"start":{"line":34,"column":32},"end":{"line":34,"column":41}}],"line":34},"3":{"loc":{"start":{"line":35,"column":23},"end":{"line":35,"column":47}},"type":"binary-expr","locations":[{"start":{"line":35,"column":23},"end":{"line":35,"column":34}},{"start":{"line":35,"column":38},"end":{"line":35,"column":47}}],"line":35},"4":{"loc":{"start":{"line":36,"column":16},"end":{"line":36,"column":33}},"type":"binary-expr","locations":[{"start":{"line":36,"column":16},"end":{"line":36,"column":20}},{"start":{"line":36,"column":24},"end":{"line":36,"column":33}}],"line":36},"5":{"loc":{"start":{"line":37,"column":17},"end":{"line":37,"column":35}},"type":"binary-expr","locations":[{"start":{"line":37,"column":17},"end":{"line":37,"column":22}},{"start":{"line":37,"column":26},"end":{"line":37,"column":35}}],"line":37},"6":{"loc":{"start":{"line":38,"column":24},"end":{"line":38,"column":75}},"type":"cond-expr","locations":[{"start":{"line":38,"column":39},"end":{"line":38,"column":63}},{"start":{"line":38,"column":66},"end":{"line":38,"column":75}}],"line":38},"7":{"loc":{"start":{"line":39,"column":25},"end":{"line":39,"column":51}},"type":"binary-expr","locations":[{"start":{"line":39,"column":25},"end":{"line":39,"column":38}},{"start":{"line":39,"column":42},"end":{"line":39,"column":51}}],"line":39},"8":{"loc":{"start":{"line":74,"column":2},"end":{"line":89,"column":3}},"type":"if","locations":[{"start":{"line":74,"column":2},"end":{"line":89,"column":3}},{"start":{"line":74,"column":2},"end":{"line":89,"column":3}}],"line":74},"9":{"loc":{"start":{"line":181,"column":4},"end":{"line":185,"column":5}},"type":"if","locations":[{"start":{"line":181,"column":4},"end":{"line":185,"column":5}},{"start":{"line":181,"column":4},"end":{"line":185,"column":5}}],"line":181}},"s":{"0":1,"1":1,"2":1,"3":1,"4":1,"5":1,"6":1,"7":1,"8":138,"9":138,"10":138,"11":138,"12":138,"13":138,"14":138,"15":1,"16":19,"17":19,"18":19,"19":19,"20":19,"21":19,"22":19,"23":19,"24":1,"25":1,"26":1,"27":1,"28":1,"29":1,"30":1,"31":1,"32":2,"33":2,"34":1,"35":1,"36":1,"37":1,"38":1,"39":1,"40":1,"41":1,"42":1,"43":1,"44":1,"45":1,"46":1,"47":1,"48":1,"49":1,"50":1,"51":1,"52":1,"53":1,"54":1,"55":1,"56":1,"57":1,"58":1,"59":1,"60":1,"61":1,"62":1,"63":1,"64":19,"65":19,"66":18,"67":18,"68":0,"69":1,"70":18,"71":1,"72":1,"73":1,"74":19,"75":1,"76":19,"77":1,"78":19,"79":1,"80":19,"81":1,"82":19},"f":{"0":138,"1":19,"2":0,"3":1,"4":0,"5":0,"6":0,"7":0,"8":2,"9":0,"10":1,"11":1,"12":1,"13":1,"14":1,"15":1,"16":1,"17":1,"18":1,"19":1,"20":1,"21":1,"22":1,"23":1,"24":19,"25":18,"26":1,"27":19,"28":19,"29":19,"30":19,"31":19},"b":{"0":[19,1],"1":[19,8],"2":[19,5],"3":[19,10],"4":[19,12],"5":[19,3],"6":[5,14],"7":[19,0],"8":[1,1],"9":[18,0]},"_coverageSchema":"1a1c01bbd47fc00a2c39e90264f33305004495a9","hash":"399cf0d704b6b382fbea1d9f60acace94f1c74f7","contentHash":"43dd964ed3b1022906c84b076b6829057ffed051f9159a7e8a55eee100eb17aa"},"/home/ad.rapidops.com/safi.shaikh/Desktop/Safi-Shaikh/Employees/src/exceptions/index.js":{"path":"/home/ad.rapidops.com/safi.shaikh/Desktop/Safi-Shaikh/Employees/src/exceptions/index.js","statementMap":{"0":{"start":{"line":1,"column":24},"end":{"line":1,"column":56}},"1":{"start":{"line":2,"column":25},"end":{"line":2,"column":58}},"2":{"start":{"line":3,"column":16},"end":{"line":3,"column":40}},"3":{"start":{"line":4,"column":28},"end":{"line":4,"column":64}},"4":{"start":{"line":5,"column":27},"end":{"line":5,"column":62}},"5":{"start":{"line":7,"column":0},"end":{"line":13,"column":2}}},"fnMap":{},"branchMap":{},"s":{"0":1,"1":1,"2":1,"3":1,"4":1,"5":1},"f":{},"b":{},"_coverageSchema":"1a1c01bbd47fc00a2c39e90264f33305004495a9","hash":"b963fdc8eece5169435f51acc8f6c681a8815cd5","contentHash":"6306c01e81be893d86c53b988bb8442014565354075d8a40b3957e300b37e0c2"},"/home/ad.rapidops.com/safi.shaikh/Desktop/Safi-Shaikh/Employees/src/exceptions/validation-error.js":{"path":"/home/ad.rapidops.com/safi.shaikh/Desktop/Safi-Shaikh/Employees/src/exceptions/validation-error.js","statementMap":{"0":{"start":{"line":4,"column":4},"end":{"line":4,"column":21}},"1":{"start":{"line":7,"column":4},"end":{"line":9,"column":5}},"2":{"start":{"line":8,"column":6},"end":{"line":8,"column":53}},"3":{"start":{"line":11,"column":4},"end":{"line":11,"column":34}},"4":{"start":{"line":13,"column":4},"end":{"line":13,"column":30}},"5":{"start":{"line":14,"column":4},"end":{"line":14,"column":27}},"6":{"start":{"line":17,"column":0},"end":{"line":17,"column":33}}},"fnMap":{"0":{"name":"(anonymous_0)","decl":{"start":{"line":2,"column":2},"end":{"line":2,"column":3}},"loc":{"start":{"line":2,"column":25},"end":{"line":15,"column":3}},"line":2}},"branchMap":{"0":{"loc":{"start":{"line":7,"column":4},"end":{"line":9,"column":5}},"type":"if","locations":[{"start":{"line":7,"column":4},"end":{"line":9,"column":5}},{"start":{"line":7,"column":4},"end":{"line":9,"column":5}}],"line":7}},"s":{"0":104,"1":104,"2":104,"3":104,"4":104,"5":104,"6":1},"f":{"0":104},"b":{"0":[104,0]},"_coverageSchema":"1a1c01bbd47fc00a2c39e90264f33305004495a9","hash":"96a38e72d1754623a1c0b8b49189daaf53e07855","contentHash":"e3bbf8a935285fdea6fbfaf39a0b0cb71878a396bcdefb52897365ca865b9799"},"/home/ad.rapidops.com/safi.shaikh/Desktop/Safi-Shaikh/Employees/src/exceptions/nodatafound-error.js":{"path":"/home/ad.rapidops.com/safi.shaikh/Desktop/Safi-Shaikh/Employees/src/exceptions/nodatafound-error.js","statementMap":{"0":{"start":{"line":4,"column":4},"end":{"line":4,"column":21}},"1":{"start":{"line":7,"column":4},"end":{"line":9,"column":5}},"2":{"start":{"line":8,"column":6},"end":{"line":8,"column":54}},"3":{"start":{"line":11,"column":4},"end":{"line":11,"column":35}},"4":{"start":{"line":13,"column":4},"end":{"line":13,"column":30}},"5":{"start":{"line":14,"column":4},"end":{"line":14,"column":27}},"6":{"start":{"line":17,"column":0},"end":{"line":17,"column":34}}},"fnMap":{"0":{"name":"(anonymous_0)","decl":{"start":{"line":2,"column":2},"end":{"line":2,"column":3}},"loc":{"start":{"line":2,"column":25},"end":{"line":15,"column":3}},"line":2}},"branchMap":{"0":{"loc":{"start":{"line":7,"column":4},"end":{"line":9,"column":5}},"type":"if","locations":[{"start":{"line":7,"column":4},"end":{"line":9,"column":5}},{"start":{"line":7,"column":4},"end":{"line":9,"column":5}}],"line":7}},"s":{"0":13,"1":13,"2":13,"3":13,"4":13,"5":13,"6":1},"f":{"0":13},"b":{"0":[13,0]},"_coverageSchema":"1a1c01bbd47fc00a2c39e90264f33305004495a9","hash":"1de475e251a4863e28f16c0fbd851dd7cc311681","contentHash":"a318ea48c46b0061fb54b8aaebda7918c08f77039b180040043edfd16291ad0b"},"/home/ad.rapidops.com/safi.shaikh/Desktop/Safi-Shaikh/Employees/src/exceptions/db-error.js":{"path":"/home/ad.rapidops.com/safi.shaikh/Desktop/Safi-Shaikh/Employees/src/exceptions/db-error.js","statementMap":{"0":{"start":{"line":4,"column":4},"end":{"line":4,"column":21}},"1":{"start":{"line":7,"column":4},"end":{"line":9,"column":5}},"2":{"start":{"line":8,"column":6},"end":{"line":8,"column":45}},"3":{"start":{"line":11,"column":4},"end":{"line":11,"column":26}},"4":{"start":{"line":13,"column":4},"end":{"line":13,"column":30}},"5":{"start":{"line":14,"column":4},"end":{"line":14,"column":27}},"6":{"start":{"line":17,"column":0},"end":{"line":17,"column":25}}},"fnMap":{"0":{"name":"(anonymous_0)","decl":{"start":{"line":2,"column":2},"end":{"line":2,"column":3}},"loc":{"start":{"line":2,"column":25},"end":{"line":15,"column":3}},"line":2}},"branchMap":{"0":{"loc":{"start":{"line":7,"column":4},"end":{"line":9,"column":5}},"type":"if","locations":[{"start":{"line":7,"column":4},"end":{"line":9,"column":5}},{"start":{"line":7,"column":4},"end":{"line":9,"column":5}}],"line":7}},"s":{"0":0,"1":0,"2":0,"3":0,"4":0,"5":0,"6":1},"f":{"0":0},"b":{"0":[0,0]},"_coverageSchema":"1a1c01bbd47fc00a2c39e90264f33305004495a9","hash":"2f3c81438a33c5e487b68eb2390db59836ffa6fa","contentHash":"817fcd35b3737bf404769c546e20e37a02dd3e362512d2c4ea667f5a75b28e43"},"/home/ad.rapidops.com/safi.shaikh/Desktop/Safi-Shaikh/Employees/src/exceptions/authentication-error.js":{"path":"/home/ad.rapidops.com/safi.shaikh/Desktop/Safi-Shaikh/Employees/src/exceptions/authentication-error.js","statementMap":{"0":{"start":{"line":4,"column":4},"end":{"line":4,"column":21}},"1":{"start":{"line":7,"column":4},"end":{"line":9,"column":5}},"2":{"start":{"line":8,"column":6},"end":{"line":8,"column":57}},"3":{"start":{"line":11,"column":4},"end":{"line":11,"column":38}},"4":{"start":{"line":13,"column":4},"end":{"line":13,"column":30}},"5":{"start":{"line":14,"column":4},"end":{"line":14,"column":27}},"6":{"start":{"line":17,"column":0},"end":{"line":17,"column":37}}},"fnMap":{"0":{"name":"(anonymous_0)","decl":{"start":{"line":2,"column":2},"end":{"line":2,"column":3}},"loc":{"start":{"line":2,"column":25},"end":{"line":15,"column":3}},"line":2}},"branchMap":{"0":{"loc":{"start":{"line":7,"column":4},"end":{"line":9,"column":5}},"type":"if","locations":[{"start":{"line":7,"column":4},"end":{"line":9,"column":5}},{"start":{"line":7,"column":4},"end":{"line":9,"column":5}}],"line":7}},"s":{"0":1,"1":1,"2":1,"3":1,"4":1,"5":1,"6":1},"f":{"0":1},"b":{"0":[1,0]},"_coverageSchema":"1a1c01bbd47fc00a2c39e90264f33305004495a9","hash":"918457c5251ed5b54c7c34cc5296a76e3eff5142","contentHash":"902f4b368e79ead731968a1e4f63d83b21f8077f60e9934129db3b18b222eca6"},"/home/ad.rapidops.com/safi.shaikh/Desktop/Safi-Shaikh/Employees/src/exceptions/authorization-error.js":{"path":"/home/ad.rapidops.com/safi.shaikh/Desktop/Safi-Shaikh/Employees/src/exceptions/authorization-error.js","statementMap":{"0":{"start":{"line":4,"column":4},"end":{"line":4,"column":21}},"1":{"start":{"line":7,"column":4},"end":{"line":9,"column":5}},"2":{"start":{"line":8,"column":6},"end":{"line":8,"column":56}},"3":{"start":{"line":11,"column":4},"end":{"line":11,"column":37}},"4":{"start":{"line":13,"column":4},"end":{"line":13,"column":30}},"5":{"start":{"line":14,"column":4},"end":{"line":14,"column":27}},"6":{"start":{"line":17,"column":0},"end":{"line":17,"column":36}}},"fnMap":{"0":{"name":"(anonymous_0)","decl":{"start":{"line":2,"column":2},"end":{"line":2,"column":3}},"loc":{"start":{"line":2,"column":25},"end":{"line":15,"column":3}},"line":2}},"branchMap":{"0":{"loc":{"start":{"line":7,"column":4},"end":{"line":9,"column":5}},"type":"if","locations":[{"start":{"line":7,"column":4},"end":{"line":9,"column":5}},{"start":{"line":7,"column":4},"end":{"line":9,"column":5}}],"line":7}},"s":{"0":4,"1":4,"2":4,"3":4,"4":4,"5":4,"6":1},"f":{"0":4},"b":{"0":[4,0]},"_coverageSchema":"1a1c01bbd47fc00a2c39e90264f33305004495a9","hash":"ec2e533b57fefa875fb5dea4d21086d2490cba59","contentHash":"cbaca467ddaf9229a105eb3925da9612069b32e525d589d83775fd643cff6e16"},"/home/ad.rapidops.com/safi.shaikh/Desktop/Safi-Shaikh/Employees/src/use-case/add-token.js":{"path":"/home/ad.rapidops.com/safi.shaikh/Desktop/Safi-Shaikh/Employees/src/use-case/add-token.js","statementMap":{"0":{"start":{"line":1,"column":0},"end":{"line":107,"column":2}},"1":{"start":{"line":11,"column":2},"end":{"line":72,"column":4}},"2":{"start":{"line":18,"column":4},"end":{"line":71,"column":5}},"3":{"start":{"line":19,"column":20},"end":{"line":25,"column":8}},"4":{"start":{"line":26,"column":6},"end":{"line":26,"column":71}},"5":{"start":{"line":28,"column":27},"end":{"line":28,"column":65}},"6":{"start":{"line":30,"column":22},"end":{"line":30,"column":58}},"7":{"start":{"line":32,"column":24},"end":{"line":32,"column":46}},"8":{"start":{"line":33,"column":23},"end":{"line":33,"column":51}},"9":{"start":{"line":35,"column":26},"end":{"line":43,"column":8}},"10":{"start":{"line":45,"column":30},"end":{"line":45,"column":57}},"11":{"start":{"line":46,"column":24},"end":{"line":46,"column":49}},"12":{"start":{"line":47,"column":26},"end":{"line":47,"column":53}},"13":{"start":{"line":48,"column":23},"end":{"line":48,"column":47}},"14":{"start":{"line":49,"column":22},"end":{"line":49,"column":45}},"15":{"start":{"line":50,"column":25},"end":{"line":50,"column":51}},"16":{"start":{"line":51,"column":24},"end":{"line":51,"column":49}},"17":{"start":{"line":53,"column":21},"end":{"line":61,"column":8}},"18":{"start":{"line":62,"column":17},"end":{"line":62,"column":34}},"19":{"start":{"line":63,"column":20},"end":{"line":63,"column":44}},"20":{"start":{"line":65,"column":6},"end":{"line":65,"column":27}},"21":{"start":{"line":70,"column":6},"end":{"line":70,"column":16}},"22":{"start":{"line":81,"column":19},"end":{"line":92,"column":6}},"23":{"start":{"line":94,"column":29},"end":{"line":100,"column":6}},"24":{"start":{"line":102,"column":4},"end":{"line":104,"column":5}},"25":{"start":{"line":103,"column":6},"end":{"line":103,"column":47}},"26":{"start":{"line":105,"column":4},"end":{"line":105,"column":17}}},"fnMap":{"0":{"name":"makeAddToken","decl":{"start":{"line":1,"column":26},"end":{"line":1,"column":38}},"loc":{"start":{"line":10,"column":3},"end":{"line":107,"column":1}},"line":10},"1":{"name":"addToken","decl":{"start":{"line":11,"column":24},"end":{"line":11,"column":32}},"loc":{"start":{"line":17,"column":5},"end":{"line":72,"column":3}},"line":17},"2":{"name":"validateData","decl":{"start":{"line":74,"column":11},"end":{"line":74,"column":23}},"loc":{"start":{"line":80,"column":5},"end":{"line":106,"column":3}},"line":80}},"branchMap":{"0":{"loc":{"start":{"line":102,"column":4},"end":{"line":104,"column":5}},"type":"if","locations":[{"start":{"line":102,"column":4},"end":{"line":104,"column":5}},{"start":{"line":102,"column":4},"end":{"line":104,"column":5}}],"line":102}},"s":{"0":1,"1":2,"2":10,"3":10,"4":1,"5":1,"6":1,"7":1,"8":1,"9":1,"10":1,"11":1,"12":1,"13":1,"14":1,"15":1,"16":1,"17":1,"18":1,"19":1,"20":1,"21":9,"22":10,"23":10,"24":10,"25":9,"26":1},"f":{"0":2,"1":10,"2":10},"b":{"0":[9,1]},"_coverageSchema":"1a1c01bbd47fc00a2c39e90264f33305004495a9","hash":"23bf76385b7788fb1d30b39c4b4485444b96599c","contentHash":"a8cdfb85ac7efbcd7e3a53a7f8ab57774e2b4f87497ca2c40982852b3e73d8d8"},"/home/ad.rapidops.com/safi.shaikh/Desktop/Safi-Shaikh/Employees/src/use-case/add-token.spec.js":{"path":"/home/ad.rapidops.com/safi.shaikh/Desktop/Safi-Shaikh/Employees/src/use-case/add-token.spec.js","statementMap":{"0":{"start":{"line":1,"column":37},"end":{"line":1,"column":56}},"1":{"start":{"line":2,"column":12},"end":{"line":2,"column":26}},"2":{"start":{"line":3,"column":15},"end":{"line":3,"column":35}},"3":{"start":{"line":4,"column":14},"end":{"line":4,"column":30}},"4":{"start":{"line":5,"column":15},"end":{"line":5,"column":37}},"5":{"start":{"line":6,"column":16},"end":{"line":6,"column":37}},"6":{"start":{"line":7,"column":55},"end":{"line":7,"column":79}},"7":{"start":{"line":8,"column":28},"end":{"line":8,"column":50}},"8":{"start":{"line":10,"column":16},"end":{"line":12,"column":1}},"9":{"start":{"line":14,"column":23},"end":{"line":14,"column":58}},"10":{"start":{"line":15,"column":0},"end":{"line":35,"column":3}},"11":{"start":{"line":16,"column":2},"end":{"line":25,"column":5}},"12":{"start":{"line":26,"column":2},"end":{"line":34,"column":4}},"13":{"start":{"line":36,"column":12},"end":{"line":38,"column":1}},"14":{"start":{"line":39,"column":17},"end":{"line":39,"column":42}},"15":{"start":{"line":40,"column":0},"end":{"line":47,"column":3}},"16":{"start":{"line":41,"column":2},"end":{"line":44,"column":4}},"17":{"start":{"line":46,"column":2},"end":{"line":46,"column":181}},"18":{"start":{"line":49,"column":23},"end":{"line":52,"column":1}},"19":{"start":{"line":54,"column":30},"end":{"line":54,"column":79}},"20":{"start":{"line":55,"column":0},"end":{"line":59,"column":3}},"21":{"start":{"line":56,"column":2},"end":{"line":56,"column":57}},"22":{"start":{"line":58,"column":2},"end":{"line":58,"column":42}},"23":{"start":{"line":61,"column":26},"end":{"line":61,"column":71}},"24":{"start":{"line":62,"column":0},"end":{"line":93,"column":3}},"25":{"start":{"line":63,"column":2},"end":{"line":72,"column":5}},"26":{"start":{"line":74,"column":14},"end":{"line":83,"column":3}},"27":{"start":{"line":84,"column":2},"end":{"line":92,"column":4}},"28":{"start":{"line":85,"column":25},"end":{"line":85,"column":41}},"29":{"start":{"line":86,"column":23},"end":{"line":86,"column":37}},"30":{"start":{"line":87,"column":25},"end":{"line":87,"column":41}},"31":{"start":{"line":88,"column":22},"end":{"line":88,"column":35}},"32":{"start":{"line":89,"column":21},"end":{"line":89,"column":33}},"33":{"start":{"line":90,"column":24},"end":{"line":90,"column":39}},"34":{"start":{"line":91,"column":23},"end":{"line":91,"column":37}},"35":{"start":{"line":95,"column":17},"end":{"line":104,"column":2}},"36":{"start":{"line":106,"column":0},"end":{"line":114,"column":3}},"37":{"start":{"line":107,"column":2},"end":{"line":107,"column":30}},"38":{"start":{"line":108,"column":2},"end":{"line":108,"column":27}},"39":{"start":{"line":109,"column":2},"end":{"line":109,"column":26}},"40":{"start":{"line":110,"column":2},"end":{"line":110,"column":29}},"41":{"start":{"line":111,"column":2},"end":{"line":111,"column":30}},"42":{"start":{"line":113,"column":2},"end":{"line":113,"column":25}},"43":{"start":{"line":116,"column":0},"end":{"line":125,"column":2}},"44":{"start":{"line":119,"column":4},"end":{"line":119,"column":46}},"45":{"start":{"line":120,"column":4},"end":{"line":120,"column":40}},"46":{"start":{"line":121,"column":4},"end":{"line":121,"column":38}},"47":{"start":{"line":122,"column":4},"end":{"line":122,"column":44}},"48":{"start":{"line":123,"column":4},"end":{"line":123,"column":46}},"49":{"start":{"line":126,"column":0},"end":{"line":142,"column":3}},"50":{"start":{"line":127,"column":2},"end":{"line":141,"column":3}},"51":{"start":{"line":128,"column":4},"end":{"line":134,"column":7}},"52":{"start":{"line":136,"column":4},"end":{"line":140,"column":5}},"53":{"start":{"line":137,"column":6},"end":{"line":137,"column":31}},"54":{"start":{"line":139,"column":6},"end":{"line":139,"column":23}},"55":{"start":{"line":143,"column":0},"end":{"line":148,"column":2}},"56":{"start":{"line":146,"column":4},"end":{"line":146,"column":43}},"57":{"start":{"line":149,"column":0},"end":{"line":151,"column":3}},"58":{"start":{"line":150,"column":2},"end":{"line":150,"column":53}},"59":{"start":{"line":153,"column":0},"end":{"line":158,"column":2}},"60":{"start":{"line":156,"column":4},"end":{"line":156,"column":72}},"61":{"start":{"line":160,"column":0},"end":{"line":165,"column":2}},"62":{"start":{"line":163,"column":4},"end":{"line":163,"column":60}},"63":{"start":{"line":167,"column":0},"end":{"line":175,"column":2}},"64":{"start":{"line":170,"column":4},"end":{"line":173,"column":6}},"65":{"start":{"line":177,"column":0},"end":{"line":182,"column":2}},"66":{"start":{"line":180,"column":4},"end":{"line":180,"column":78}}},"fnMap":{"0":{"name":"(anonymous_0)","decl":{"start":{"line":11,"column":14},"end":{"line":11,"column":15}},"loc":{"start":{"line":11,"column":20},"end":{"line":11,"column":22}},"line":11},"1":{"name":"(anonymous_1)","decl":{"start":{"line":15,"column":25},"end":{"line":15,"column":26}},"loc":{"start":{"line":15,"column":35},"end":{"line":35,"column":1}},"line":15},"2":{"name":"(anonymous_2)","decl":{"start":{"line":37,"column":8},"end":{"line":37,"column":9}},"loc":{"start":{"line":37,"column":14},"end":{"line":37,"column":16}},"line":37},"3":{"name":"(anonymous_3)","decl":{"start":{"line":40,"column":19},"end":{"line":40,"column":20}},"loc":{"start":{"line":40,"column":29},"end":{"line":47,"column":1}},"line":40},"4":{"name":"(anonymous_4)","decl":{"start":{"line":50,"column":21},"end":{"line":50,"column":22}},"loc":{"start":{"line":50,"column":27},"end":{"line":50,"column":29}},"line":50},"5":{"name":"(anonymous_5)","decl":{"start":{"line":51,"column":17},"end":{"line":51,"column":18}},"loc":{"start":{"line":51,"column":23},"end":{"line":51,"column":25}},"line":51},"6":{"name":"(anonymous_6)","decl":{"start":{"line":55,"column":32},"end":{"line":55,"column":33}},"loc":{"start":{"line":55,"column":42},"end":{"line":59,"column":1}},"line":55},"7":{"name":"(anonymous_7)","decl":{"start":{"line":62,"column":28},"end":{"line":62,"column":29}},"loc":{"start":{"line":62,"column":38},"end":{"line":93,"column":1}},"line":62},"8":{"name":"(anonymous_8)","decl":{"start":{"line":85,"column":19},"end":{"line":85,"column":20}},"loc":{"start":{"line":85,"column":25},"end":{"line":85,"column":41}},"line":85},"9":{"name":"(anonymous_9)","decl":{"start":{"line":86,"column":17},"end":{"line":86,"column":18}},"loc":{"start":{"line":86,"column":23},"end":{"line":86,"column":37}},"line":86},"10":{"name":"(anonymous_10)","decl":{"start":{"line":87,"column":19},"end":{"line":87,"column":20}},"loc":{"start":{"line":87,"column":25},"end":{"line":87,"column":41}},"line":87},"11":{"name":"(anonymous_11)","decl":{"start":{"line":88,"column":16},"end":{"line":88,"column":17}},"loc":{"start":{"line":88,"column":22},"end":{"line":88,"column":35}},"line":88},"12":{"name":"(anonymous_12)","decl":{"start":{"line":89,"column":15},"end":{"line":89,"column":16}},"loc":{"start":{"line":89,"column":21},"end":{"line":89,"column":33}},"line":89},"13":{"name":"(anonymous_13)","decl":{"start":{"line":90,"column":18},"end":{"line":90,"column":19}},"loc":{"start":{"line":90,"column":24},"end":{"line":90,"column":39}},"line":90},"14":{"name":"(anonymous_14)","decl":{"start":{"line":91,"column":17},"end":{"line":91,"column":18}},"loc":{"start":{"line":91,"column":23},"end":{"line":91,"column":37}},"line":91},"15":{"name":"(anonymous_15)","decl":{"start":{"line":106,"column":6},"end":{"line":106,"column":7}},"loc":{"start":{"line":106,"column":12},"end":{"line":114,"column":1}},"line":106},"16":{"name":"(anonymous_16)","decl":{"start":{"line":118,"column":2},"end":{"line":118,"column":3}},"loc":{"start":{"line":118,"column":58},"end":{"line":124,"column":3}},"line":118},"17":{"name":"(anonymous_17)","decl":{"start":{"line":126,"column":25},"end":{"line":126,"column":26}},"loc":{"start":{"line":126,"column":37},"end":{"line":142,"column":1}},"line":126},"18":{"name":"(anonymous_18)","decl":{"start":{"line":145,"column":2},"end":{"line":145,"column":3}},"loc":{"start":{"line":145,"column":15},"end":{"line":147,"column":3}},"line":145},"19":{"name":"(anonymous_19)","decl":{"start":{"line":149,"column":57},"end":{"line":149,"column":58}},"loc":{"start":{"line":149,"column":69},"end":{"line":151,"column":1}},"line":149},"20":{"name":"(anonymous_20)","decl":{"start":{"line":155,"column":2},"end":{"line":155,"column":3}},"loc":{"start":{"line":155,"column":35},"end":{"line":157,"column":3}},"line":155},"21":{"name":"(anonymous_21)","decl":{"start":{"line":162,"column":2},"end":{"line":162,"column":3}},"loc":{"start":{"line":162,"column":29},"end":{"line":164,"column":3}},"line":162},"22":{"name":"(anonymous_22)","decl":{"start":{"line":169,"column":2},"end":{"line":169,"column":3}},"loc":{"start":{"line":169,"column":42},"end":{"line":174,"column":3}},"line":169},"23":{"name":"(anonymous_23)","decl":{"start":{"line":179,"column":2},"end":{"line":179,"column":3}},"loc":{"start":{"line":179,"column":38},"end":{"line":181,"column":3}},"line":179}},"branchMap":{"0":{"loc":{"start":{"line":119,"column":22},"end":{"line":119,"column":45}},"type":"binary-expr","locations":[{"start":{"line":119,"column":22},"end":{"line":119,"column":32}},{"start":{"line":119,"column":36},"end":{"line":119,"column":45}}],"line":119},"1":{"loc":{"start":{"line":120,"column":19},"end":{"line":120,"column":39}},"type":"binary-expr","locations":[{"start":{"line":120,"column":19},"end":{"line":120,"column":26}},{"start":{"line":120,"column":30},"end":{"line":120,"column":39}}],"line":120},"2":{"loc":{"start":{"line":121,"column":18},"end":{"line":121,"column":37}},"type":"binary-expr","locations":[{"start":{"line":121,"column":18},"end":{"line":121,"column":24}},{"start":{"line":121,"column":28},"end":{"line":121,"column":37}}],"line":121},"3":{"loc":{"start":{"line":122,"column":21},"end":{"line":122,"column":43}},"type":"binary-expr","locations":[{"start":{"line":122,"column":21},"end":{"line":122,"column":30}},{"start":{"line":122,"column":34},"end":{"line":122,"column":43}}],"line":122},"4":{"loc":{"start":{"line":123,"column":22},"end":{"line":123,"column":45}},"type":"binary-expr","locations":[{"start":{"line":123,"column":22},"end":{"line":123,"column":32}},{"start":{"line":123,"column":36},"end":{"line":123,"column":45}}],"line":123},"5":{"loc":{"start":{"line":136,"column":4},"end":{"line":140,"column":5}},"type":"if","locations":[{"start":{"line":136,"column":4},"end":{"line":140,"column":5}},{"start":{"line":136,"column":4},"end":{"line":140,"column":5}}],"line":136}},"s":{"0":1,"1":1,"2":1,"3":1,"4":1,"5":1,"6":1,"7":1,"8":1,"9":1,"10":1,"11":1,"12":1,"13":1,"14":1,"15":1,"16":1,"17":1,"18":1,"19":1,"20":1,"21":1,"22":1,"23":1,"24":1,"25":1,"26":1,"27":1,"28":1,"29":1,"30":1,"31":1,"32":1,"33":1,"34":1,"35":1,"36":1,"37":138,"38":138,"39":138,"40":138,"41":138,"42":138,"43":1,"44":10,"45":10,"46":10,"47":10,"48":10,"49":1,"50":10,"51":10,"52":9,"53":9,"54":0,"55":1,"56":9,"57":1,"58":1,"59":1,"60":10,"61":1,"62":10,"63":1,"64":10,"65":1,"66":10},"f":{"0":0,"1":1,"2":0,"3":1,"4":0,"5":0,"6":1,"7":1,"8":1,"9":1,"10":1,"11":1,"12":1,"13":1,"14":1,"15":138,"16":10,"17":10,"18":9,"19":1,"20":10,"21":10,"22":10,"23":10},"b":{"0":[10,1],"1":[10,3],"2":[10,5],"3":[10,7],"4":[10,9],"5":[9,0]},"_coverageSchema":"1a1c01bbd47fc00a2c39e90264f33305004495a9","hash":"6fdf8774c01d94555dffaf2b4b3e9e7f1996d308","contentHash":"7e4e1f03d317e18e21f854a7688235c85d58acc7496c1173a5af60c3ecf2c5c6"},"/home/ad.rapidops.com/safi.shaikh/Desktop/Safi-Shaikh/Employees/src/config/index.js":{"path":"/home/ad.rapidops.com/safi.shaikh/Desktop/Safi-Shaikh/Employees/src/config/index.js","statementMap":{"0":{"start":{"line":1,"column":15},"end":{"line":1,"column":42}},"1":{"start":{"line":3,"column":0},"end":{"line":3,"column":57}},"2":{"start":{"line":5,"column":0},"end":{"line":5,"column":24}}},"fnMap":{},"branchMap":{},"s":{"0":1,"1":1,"2":1},"f":{},"b":{},"_coverageSchema":"1a1c01bbd47fc00a2c39e90264f33305004495a9","hash":"7e5b5b4727d5fef632fbf6579af15637b621f7d6","contentHash":"96cd018e682f1972683f18b84fe1f6a4018feb87ddb48f707ec6f094917a9918"},"/home/ad.rapidops.com/safi.shaikh/Desktop/Safi-Shaikh/Employees/src/config/backend-config/index.js":{"path":"/home/ad.rapidops.com/safi.shaikh/Desktop/Safi-Shaikh/Employees/src/config/backend-config/index.js","statementMap":{"0":{"start":{"line":1,"column":12},"end":{"line":1,"column":71}},"1":{"start":{"line":3,"column":15},"end":{"line":3,"column":37}},"2":{"start":{"line":4,"column":0},"end":{"line":4,"column":24}}},"fnMap":{},"branchMap":{"0":{"loc":{"start":{"line":1,"column":12},"end":{"line":1,"column":71}},"type":"cond-expr","locations":[{"start":{"line":1,"column":35},"end":{"line":1,"column":55}},{"start":{"line":1,"column":58},"end":{"line":1,"column":71}}],"line":1}},"s":{"0":1,"1":1,"2":1},"f":{},"b":{"0":[0,1]},"_coverageSchema":"1a1c01bbd47fc00a2c39e90264f33305004495a9","hash":"863911a47599a692e2f44e107ae5dc9ee602974f","contentHash":"d2ab199344b66361c9462e07b060dab05a443b9c02e24b4e7814b9cc0273b868"},"/home/ad.rapidops.com/safi.shaikh/Desktop/Safi-Shaikh/Employees/src/config/backend-config/development.js":{"path":"/home/ad.rapidops.com/safi.shaikh/Desktop/Safi-Shaikh/Employees/src/config/backend-config/development.js","statementMap":{"0":{"start":{"line":1,"column":11},"end":{"line":1,"column":24}},"1":{"start":{"line":2,"column":0},"end":{"line":33,"column":2}},"2":{"start":{"line":34,"column":0},"end":{"line":34,"column":24}}},"fnMap":{},"branchMap":{},"s":{"0":1,"1":1,"2":1},"f":{},"b":{},"_coverageSchema":"1a1c01bbd47fc00a2c39e90264f33305004495a9","hash":"84051f8741651314bfc1d718086fba8295f5ae52","contentHash":"a43beb60f870a29e8086f346265adad0fb8442c04b234438b7d42c981ca2fd94"},"/home/ad.rapidops.com/safi.shaikh/Desktop/Safi-Shaikh/Employees/src/config/service-endpoints/index.js":{"path":"/home/ad.rapidops.com/safi.shaikh/Desktop/Safi-Shaikh/Employees/src/config/service-endpoints/index.js","statementMap":{"0":{"start":{"line":1,"column":12},"end":{"line":1,"column":71}},"1":{"start":{"line":2,"column":25},"end":{"line":2,"column":47}},"2":{"start":{"line":4,"column":0},"end":{"line":4,"column":34}}},"fnMap":{},"branchMap":{"0":{"loc":{"start":{"line":1,"column":12},"end":{"line":1,"column":71}},"type":"cond-expr","locations":[{"start":{"line":1,"column":35},"end":{"line":1,"column":55}},{"start":{"line":1,"column":58},"end":{"line":1,"column":71}}],"line":1}},"s":{"0":1,"1":1,"2":1},"f":{},"b":{"0":[0,1]},"_coverageSchema":"1a1c01bbd47fc00a2c39e90264f33305004495a9","hash":"2c656634317bca383b52d21d4926d311602ff90e","contentHash":"b840d1a9c3adfad6d49388b1054789f5cc73363ed8ee17283141edbecb5bfbb6"},"/home/ad.rapidops.com/safi.shaikh/Desktop/Safi-Shaikh/Employees/src/config/service-endpoints/development.js":{"path":"/home/ad.rapidops.com/safi.shaikh/Desktop/Safi-Shaikh/Employees/src/config/service-endpoints/development.js","statementMap":{"0":{"start":{"line":1,"column":25},"end":{"line":4,"column":1}}},"fnMap":{},"branchMap":{},"s":{"0":1},"f":{},"b":{},"_coverageSchema":"1a1c01bbd47fc00a2c39e90264f33305004495a9","hash":"8de466abfb466630b92b05cce15e3dac5a38249b","contentHash":"ff7c0a74e8ee1498faaba00395d789a6470a3bde7fadf1ca609d82c7ce2e4686"},"/home/ad.rapidops.com/safi.shaikh/Desktop/Safi-Shaikh/Employees/src/use-case/delete-employee-by-company.js":{"path":"/home/ad.rapidops.com/safi.shaikh/Desktop/Safi-Shaikh/Employees/src/use-case/delete-employee-by-company.js","statementMap":{"0":{"start":{"line":1,"column":0},"end":{"line":47,"column":2}},"1":{"start":{"line":8,"column":2},"end":{"line":34,"column":4}},"2":{"start":{"line":14,"column":4},"end":{"line":33,"column":5}},"3":{"start":{"line":15,"column":20},"end":{"line":15,"column":47}},"4":{"start":{"line":16,"column":6},"end":{"line":16,"column":30}},"5":{"start":{"line":18,"column":21},"end":{"line":18,"column":79}},"6":{"start":{"line":20,"column":6},"end":{"line":20,"column":37}},"7":{"start":{"line":21,"column":6},"end":{"line":27,"column":7}},"8":{"start":{"line":22,"column":8},"end":{"line":22,"column":32}},"9":{"start":{"line":24,"column":8},"end":{"line":26,"column":10}},"10":{"start":{"line":32,"column":6},"end":{"line":32,"column":16}},"11":{"start":{"line":37,"column":19},"end":{"line":39,"column":6}},"12":{"start":{"line":41,"column":29},"end":{"line":41,"column":59}},"13":{"start":{"line":42,"column":4},"end":{"line":44,"column":5}},"14":{"start":{"line":43,"column":6},"end":{"line":43,"column":47}},"15":{"start":{"line":45,"column":4},"end":{"line":45,"column":17}}},"fnMap":{"0":{"name":"makeDeleteEmployeesByCompany","decl":{"start":{"line":1,"column":26},"end":{"line":1,"column":54}},"loc":{"start":{"line":7,"column":3},"end":{"line":47,"column":1}},"line":7},"1":{"name":"deleteEmployeesByCompany","decl":{"start":{"line":8,"column":24},"end":{"line":8,"column":48}},"loc":{"start":{"line":8,"column":64},"end":{"line":34,"column":3}},"line":8},"2":{"name":"validateData","decl":{"start":{"line":36,"column":11},"end":{"line":36,"column":23}},"loc":{"start":{"line":36,"column":39},"end":{"line":46,"column":3}},"line":36}},"branchMap":{"0":{"loc":{"start":{"line":21,"column":6},"end":{"line":27,"column":7}},"type":"if","locations":[{"start":{"line":21,"column":6},"end":{"line":27,"column":7}},{"start":{"line":21,"column":6},"end":{"line":27,"column":7}}],"line":21},"1":{"loc":{"start":{"line":42,"column":4},"end":{"line":44,"column":5}},"type":"if","locations":[{"start":{"line":42,"column":4},"end":{"line":44,"column":5}},{"start":{"line":42,"column":4},"end":{"line":44,"column":5}}],"line":42}},"s":{"0":1,"1":2,"2":4,"3":4,"4":2,"5":2,"6":2,"7":2,"8":1,"9":1,"10":3,"11":4,"12":4,"13":4,"14":2,"15":2},"f":{"0":2,"1":4,"2":4},"b":{"0":[1,1],"1":[2,2]},"_coverageSchema":"1a1c01bbd47fc00a2c39e90264f33305004495a9","hash":"3811c3a813e16ef6bab8ea5c3b43c19f730d12a1","contentHash":"b74fad4cc1095d2126cd68a804afc2ce1ac82a646a97430bda843b64706a4406"},"/home/ad.rapidops.com/safi.shaikh/Desktop/Safi-Shaikh/Employees/src/use-case/delete-employee-by-company.spec.js":{"path":"/home/ad.rapidops.com/safi.shaikh/Desktop/Safi-Shaikh/Employees/src/use-case/delete-employee-by-company.spec.js","statementMap":{"0":{"start":{"line":1,"column":37},"end":{"line":1,"column":56}},"1":{"start":{"line":2,"column":12},"end":{"line":2,"column":26}},"2":{"start":{"line":3,"column":14},"end":{"line":3,"column":30}},"3":{"start":{"line":4,"column":15},"end":{"line":4,"column":37}},"4":{"start":{"line":5,"column":16},"end":{"line":5,"column":37}},"5":{"start":{"line":6,"column":55},"end":{"line":6,"column":79}},"6":{"start":{"line":7,"column":43},"end":{"line":7,"column":82}},"7":{"start":{"line":9,"column":0},"end":{"line":14,"column":3}},"8":{"start":{"line":10,"column":2},"end":{"line":10,"column":29}},"9":{"start":{"line":11,"column":2},"end":{"line":11,"column":35}},"10":{"start":{"line":13,"column":2},"end":{"line":13,"column":25}},"11":{"start":{"line":15,"column":0},"end":{"line":21,"column":2}},"12":{"start":{"line":18,"column":4},"end":{"line":18,"column":44}},"13":{"start":{"line":19,"column":4},"end":{"line":19,"column":56}},"14":{"start":{"line":23,"column":19},"end":{"line":25,"column":1}},"15":{"start":{"line":27,"column":39},"end":{"line":30,"column":1}},"16":{"start":{"line":31,"column":0},"end":{"line":40,"column":3}},"17":{"start":{"line":32,"column":2},"end":{"line":34,"column":5}},"18":{"start":{"line":35,"column":2},"end":{"line":39,"column":3}},"19":{"start":{"line":36,"column":4},"end":{"line":36,"column":27}},"20":{"start":{"line":38,"column":4},"end":{"line":38,"column":27}},"21":{"start":{"line":42,"column":32},"end":{"line":48,"column":2}},"22":{"start":{"line":50,"column":0},"end":{"line":60,"column":3}},"23":{"start":{"line":51,"column":2},"end":{"line":59,"column":3}},"24":{"start":{"line":52,"column":4},"end":{"line":52,"column":79}},"25":{"start":{"line":54,"column":4},"end":{"line":58,"column":5}},"26":{"start":{"line":55,"column":6},"end":{"line":55,"column":31}},"27":{"start":{"line":57,"column":6},"end":{"line":57,"column":23}},"28":{"start":{"line":62,"column":0},"end":{"line":67,"column":2}},"29":{"start":{"line":65,"column":4},"end":{"line":65,"column":43}},"30":{"start":{"line":69,"column":0},"end":{"line":74,"column":2}},"31":{"start":{"line":72,"column":4},"end":{"line":72,"column":61}},"32":{"start":{"line":76,"column":0},"end":{"line":84,"column":2}},"33":{"start":{"line":79,"column":4},"end":{"line":82,"column":6}}},"fnMap":{"0":{"name":"(anonymous_0)","decl":{"start":{"line":9,"column":6},"end":{"line":9,"column":7}},"loc":{"start":{"line":9,"column":12},"end":{"line":14,"column":1}},"line":9},"1":{"name":"(anonymous_1)","decl":{"start":{"line":17,"column":2},"end":{"line":17,"column":3}},"loc":{"start":{"line":17,"column":34},"end":{"line":20,"column":3}},"line":17},"2":{"name":"(anonymous_2)","decl":{"start":{"line":24,"column":30},"end":{"line":24,"column":31}},"loc":{"start":{"line":24,"column":36},"end":{"line":24,"column":38}},"line":24},"3":{"name":"(anonymous_3)","decl":{"start":{"line":31,"column":41},"end":{"line":31,"column":42}},"loc":{"start":{"line":31,"column":51},"end":{"line":40,"column":1}},"line":31},"4":{"name":"(anonymous_4)","decl":{"start":{"line":50,"column":42},"end":{"line":50,"column":43}},"loc":{"start":{"line":50,"column":54},"end":{"line":60,"column":1}},"line":50},"5":{"name":"(anonymous_5)","decl":{"start":{"line":64,"column":2},"end":{"line":64,"column":3}},"loc":{"start":{"line":64,"column":15},"end":{"line":66,"column":3}},"line":64},"6":{"name":"(anonymous_6)","decl":{"start":{"line":71,"column":2},"end":{"line":71,"column":3}},"loc":{"start":{"line":71,"column":20},"end":{"line":73,"column":3}},"line":71},"7":{"name":"(anonymous_7)","decl":{"start":{"line":78,"column":2},"end":{"line":78,"column":3}},"loc":{"start":{"line":78,"column":51},"end":{"line":83,"column":3}},"line":78}},"branchMap":{"0":{"loc":{"start":{"line":18,"column":21},"end":{"line":18,"column":43}},"type":"binary-expr","locations":[{"start":{"line":18,"column":21},"end":{"line":18,"column":30}},{"start":{"line":18,"column":34},"end":{"line":18,"column":43}}],"line":18},"1":{"loc":{"start":{"line":19,"column":27},"end":{"line":19,"column":55}},"type":"binary-expr","locations":[{"start":{"line":19,"column":27},"end":{"line":19,"column":42}},{"start":{"line":19,"column":46},"end":{"line":19,"column":55}}],"line":19},"2":{"loc":{"start":{"line":35,"column":2},"end":{"line":39,"column":3}},"type":"if","locations":[{"start":{"line":35,"column":2},"end":{"line":39,"column":3}},{"start":{"line":35,"column":2},"end":{"line":39,"column":3}}],"line":35},"3":{"loc":{"start":{"line":54,"column":4},"end":{"line":58,"column":5}},"type":"if","locations":[{"start":{"line":54,"column":4},"end":{"line":58,"column":5}},{"start":{"line":54,"column":4},"end":{"line":58,"column":5}}],"line":54}},"s":{"0":1,"1":1,"2":1,"3":1,"4":1,"5":1,"6":1,"7":1,"8":138,"9":138,"10":138,"11":1,"12":4,"13":4,"14":1,"15":1,"16":1,"17":2,"18":2,"19":1,"20":1,"21":1,"22":1,"23":4,"24":4,"25":3,"26":3,"27":0,"28":1,"29":3,"30":1,"31":1,"32":1,"33":4},"f":{"0":138,"1":4,"2":0,"3":2,"4":4,"5":3,"6":1,"7":4},"b":{"0":[4,1],"1":[4,2],"2":[1,1],"3":[3,0]},"_coverageSchema":"1a1c01bbd47fc00a2c39e90264f33305004495a9","hash":"236d8e4ebf4134815bcf75cfa4459eb59f97b03c","contentHash":"053f2dcccff0ebc9530cf8394f353dcd51247eb0692546bcc3462e6aac49080d"},"/home/ad.rapidops.com/safi.shaikh/Desktop/Safi-Shaikh/Employees/src/use-case/delete-employee.js":{"path":"/home/ad.rapidops.com/safi.shaikh/Desktop/Safi-Shaikh/Employees/src/use-case/delete-employee.js","statementMap":{"0":{"start":{"line":1,"column":0},"end":{"line":47,"column":2}},"1":{"start":{"line":8,"column":2},"end":{"line":33,"column":4}},"2":{"start":{"line":13,"column":4},"end":{"line":32,"column":5}},"3":{"start":{"line":14,"column":20},"end":{"line":14,"column":40}},"4":{"start":{"line":15,"column":6},"end":{"line":15,"column":23}},"5":{"start":{"line":17,"column":21},"end":{"line":17,"column":62}},"6":{"start":{"line":19,"column":27},"end":{"line":19,"column":42}},"7":{"start":{"line":20,"column":6},"end":{"line":26,"column":7}},"8":{"start":{"line":21,"column":8},"end":{"line":21,"column":32}},"9":{"start":{"line":23,"column":8},"end":{"line":25,"column":10}},"10":{"start":{"line":31,"column":6},"end":{"line":31,"column":16}},"11":{"start":{"line":36,"column":19},"end":{"line":38,"column":6}},"12":{"start":{"line":40,"column":29},"end":{"line":40,"column":52}},"13":{"start":{"line":42,"column":4},"end":{"line":44,"column":5}},"14":{"start":{"line":43,"column":6},"end":{"line":43,"column":47}},"15":{"start":{"line":45,"column":4},"end":{"line":45,"column":17}}},"fnMap":{"0":{"name":"makeDeleteEmployee","decl":{"start":{"line":1,"column":26},"end":{"line":1,"column":44}},"loc":{"start":{"line":7,"column":3},"end":{"line":47,"column":1}},"line":7},"1":{"name":"deleteEmployee","decl":{"start":{"line":8,"column":24},"end":{"line":8,"column":38}},"loc":{"start":{"line":8,"column":47},"end":{"line":33,"column":3}},"line":8},"2":{"name":"validateData","decl":{"start":{"line":35,"column":11},"end":{"line":35,"column":23}},"loc":{"start":{"line":35,"column":32},"end":{"line":46,"column":3}},"line":35}},"branchMap":{"0":{"loc":{"start":{"line":20,"column":6},"end":{"line":26,"column":7}},"type":"if","locations":[{"start":{"line":20,"column":6},"end":{"line":26,"column":7}},{"start":{"line":20,"column":6},"end":{"line":26,"column":7}}],"line":20},"1":{"loc":{"start":{"line":42,"column":4},"end":{"line":44,"column":5}},"type":"if","locations":[{"start":{"line":42,"column":4},"end":{"line":44,"column":5}},{"start":{"line":42,"column":4},"end":{"line":44,"column":5}}],"line":42}},"s":{"0":1,"1":2,"2":4,"3":4,"4":2,"5":2,"6":2,"7":2,"8":1,"9":1,"10":3,"11":4,"12":4,"13":4,"14":2,"15":2},"f":{"0":2,"1":4,"2":4},"b":{"0":[1,1],"1":[2,2]},"_coverageSchema":"1a1c01bbd47fc00a2c39e90264f33305004495a9","hash":"522526e50a957ef9a8525ac9e62ef3310c8031b1","contentHash":"ab78792da5880a0ab843d5fe71814ee571e1ad9f5b10c149f538581d06b760f9"},"/home/ad.rapidops.com/safi.shaikh/Desktop/Safi-Shaikh/Employees/src/use-case/delete-employee.spec.js":{"path":"/home/ad.rapidops.com/safi.shaikh/Desktop/Safi-Shaikh/Employees/src/use-case/delete-employee.spec.js","statementMap":{"0":{"start":{"line":1,"column":37},"end":{"line":1,"column":56}},"1":{"start":{"line":2,"column":12},"end":{"line":2,"column":26}},"2":{"start":{"line":3,"column":14},"end":{"line":3,"column":30}},"3":{"start":{"line":4,"column":15},"end":{"line":4,"column":37}},"4":{"start":{"line":5,"column":16},"end":{"line":5,"column":37}},"5":{"start":{"line":6,"column":55},"end":{"line":6,"column":79}},"6":{"start":{"line":7,"column":34},"end":{"line":7,"column":62}},"7":{"start":{"line":9,"column":0},"end":{"line":13,"column":3}},"8":{"start":{"line":10,"column":2},"end":{"line":10,"column":22}},"9":{"start":{"line":11,"column":2},"end":{"line":11,"column":35}},"10":{"start":{"line":12,"column":2},"end":{"line":12,"column":25}},"11":{"start":{"line":14,"column":0},"end":{"line":20,"column":2}},"12":{"start":{"line":17,"column":4},"end":{"line":17,"column":30}},"13":{"start":{"line":18,"column":4},"end":{"line":18,"column":56}},"14":{"start":{"line":22,"column":19},"end":{"line":24,"column":1}},"15":{"start":{"line":26,"column":29},"end":{"line":26,"column":73}},"16":{"start":{"line":27,"column":0},"end":{"line":34,"column":3}},"17":{"start":{"line":28,"column":2},"end":{"line":28,"column":43}},"18":{"start":{"line":29,"column":2},"end":{"line":33,"column":3}},"19":{"start":{"line":30,"column":4},"end":{"line":30,"column":27}},"20":{"start":{"line":32,"column":4},"end":{"line":32,"column":27}},"21":{"start":{"line":35,"column":23},"end":{"line":41,"column":2}},"22":{"start":{"line":43,"column":0},"end":{"line":53,"column":3}},"23":{"start":{"line":44,"column":2},"end":{"line":52,"column":3}},"24":{"start":{"line":45,"column":4},"end":{"line":45,"column":56}},"25":{"start":{"line":47,"column":4},"end":{"line":51,"column":5}},"26":{"start":{"line":48,"column":6},"end":{"line":48,"column":31}},"27":{"start":{"line":50,"column":6},"end":{"line":50,"column":23}},"28":{"start":{"line":55,"column":0},"end":{"line":60,"column":2}},"29":{"start":{"line":58,"column":4},"end":{"line":58,"column":43}},"30":{"start":{"line":62,"column":0},"end":{"line":67,"column":2}},"31":{"start":{"line":65,"column":4},"end":{"line":65,"column":61}},"32":{"start":{"line":69,"column":0},"end":{"line":77,"column":2}},"33":{"start":{"line":72,"column":4},"end":{"line":75,"column":6}}},"fnMap":{"0":{"name":"(anonymous_0)","decl":{"start":{"line":9,"column":6},"end":{"line":9,"column":7}},"loc":{"start":{"line":9,"column":12},"end":{"line":13,"column":1}},"line":9},"1":{"name":"(anonymous_1)","decl":{"start":{"line":16,"column":2},"end":{"line":16,"column":3}},"loc":{"start":{"line":16,"column":27},"end":{"line":19,"column":3}},"line":16},"2":{"name":"(anonymous_2)","decl":{"start":{"line":23,"column":20},"end":{"line":23,"column":21}},"loc":{"start":{"line":23,"column":26},"end":{"line":23,"column":28}},"line":23},"3":{"name":"(anonymous_3)","decl":{"start":{"line":27,"column":31},"end":{"line":27,"column":32}},"loc":{"start":{"line":27,"column":41},"end":{"line":34,"column":1}},"line":27},"4":{"name":"(anonymous_4)","decl":{"start":{"line":43,"column":31},"end":{"line":43,"column":32}},"loc":{"start":{"line":43,"column":43},"end":{"line":53,"column":1}},"line":43},"5":{"name":"(anonymous_5)","decl":{"start":{"line":57,"column":2},"end":{"line":57,"column":3}},"loc":{"start":{"line":57,"column":15},"end":{"line":59,"column":3}},"line":57},"6":{"name":"(anonymous_6)","decl":{"start":{"line":64,"column":2},"end":{"line":64,"column":3}},"loc":{"start":{"line":64,"column":20},"end":{"line":66,"column":3}},"line":64},"7":{"name":"(anonymous_7)","decl":{"start":{"line":71,"column":2},"end":{"line":71,"column":3}},"loc":{"start":{"line":71,"column":41},"end":{"line":76,"column":3}},"line":71}},"branchMap":{"0":{"loc":{"start":{"line":17,"column":14},"end":{"line":17,"column":29}},"type":"binary-expr","locations":[{"start":{"line":17,"column":14},"end":{"line":17,"column":16}},{"start":{"line":17,"column":20},"end":{"line":17,"column":29}}],"line":17},"1":{"loc":{"start":{"line":18,"column":27},"end":{"line":18,"column":55}},"type":"binary-expr","locations":[{"start":{"line":18,"column":27},"end":{"line":18,"column":42}},{"start":{"line":18,"column":46},"end":{"line":18,"column":55}}],"line":18},"2":{"loc":{"start":{"line":29,"column":2},"end":{"line":33,"column":3}},"type":"if","locations":[{"start":{"line":29,"column":2},"end":{"line":33,"column":3}},{"start":{"line":29,"column":2},"end":{"line":33,"column":3}}],"line":29},"3":{"loc":{"start":{"line":47,"column":4},"end":{"line":51,"column":5}},"type":"if","locations":[{"start":{"line":47,"column":4},"end":{"line":51,"column":5}},{"start":{"line":47,"column":4},"end":{"line":51,"column":5}}],"line":47}},"s":{"0":1,"1":1,"2":1,"3":1,"4":1,"5":1,"6":1,"7":1,"8":138,"9":138,"10":138,"11":1,"12":4,"13":4,"14":1,"15":1,"16":1,"17":2,"18":2,"19":1,"20":1,"21":1,"22":1,"23":4,"24":4,"25":3,"26":3,"27":0,"28":1,"29":3,"30":1,"31":1,"32":1,"33":4},"f":{"0":138,"1":4,"2":0,"3":2,"4":4,"5":3,"6":1,"7":4},"b":{"0":[4,1],"1":[4,2],"2":[1,1],"3":[3,0]},"_coverageSchema":"1a1c01bbd47fc00a2c39e90264f33305004495a9","hash":"ef5b8ea4496be9175ba1aef77ef6c07911ebe933","contentHash":"73584350c439d17acb2ccfb0e40058d922461b156ac8b8836dde9f711ec397d0"},"/home/ad.rapidops.com/safi.shaikh/Desktop/Safi-Shaikh/Employees/src/use-case/delete-session.js":{"path":"/home/ad.rapidops.com/safi.shaikh/Desktop/Safi-Shaikh/Employees/src/use-case/delete-session.js","statementMap":{"0":{"start":{"line":1,"column":0},"end":{"line":64,"column":2}},"1":{"start":{"line":9,"column":2},"end":{"line":42,"column":4}},"2":{"start":{"line":10,"column":4},"end":{"line":41,"column":5}},"3":{"start":{"line":11,"column":20},"end":{"line":11,"column":57}},"4":{"start":{"line":13,"column":6},"end":{"line":13,"column":40}},"5":{"start":{"line":15,"column":31},"end":{"line":15,"column":73}},"6":{"start":{"line":17,"column":6},"end":{"line":35,"column":7}},"7":{"start":{"line":18,"column":23},"end":{"line":18,"column":77}},"8":{"start":{"line":20,"column":29},"end":{"line":20,"column":44}},"9":{"start":{"line":21,"column":8},"end":{"line":34,"column":9}},"10":{"start":{"line":22,"column":10},"end":{"line":29,"column":11}},"11":{"start":{"line":23,"column":12},"end":{"line":23,"column":36}},"12":{"start":{"line":25,"column":12},"end":{"line":28,"column":14}},"13":{"start":{"line":31,"column":10},"end":{"line":33,"column":12}},"14":{"start":{"line":40,"column":6},"end":{"line":40,"column":16}},"15":{"start":{"line":44,"column":19},"end":{"line":47,"column":6}},"16":{"start":{"line":48,"column":29},"end":{"line":48,"column":69}},"17":{"start":{"line":49,"column":4},"end":{"line":51,"column":5}},"18":{"start":{"line":50,"column":6},"end":{"line":50,"column":47}},"19":{"start":{"line":53,"column":4},"end":{"line":53,"column":17}},"20":{"start":{"line":57,"column":19},"end":{"line":57,"column":56}},"21":{"start":{"line":59,"column":4},"end":{"line":61,"column":5}},"22":{"start":{"line":60,"column":6},"end":{"line":60,"column":78}},"23":{"start":{"line":62,"column":4},"end":{"line":62,"column":16}}},"fnMap":{"0":{"name":"makeDeleteSession","decl":{"start":{"line":1,"column":26},"end":{"line":1,"column":43}},"loc":{"start":{"line":8,"column":3},"end":{"line":64,"column":1}},"line":8},"1":{"name":"deleteSession","decl":{"start":{"line":9,"column":24},"end":{"line":9,"column":37}},"loc":{"start":{"line":9,"column":63},"end":{"line":42,"column":3}},"line":9},"2":{"name":"validateData","decl":{"start":{"line":43,"column":11},"end":{"line":43,"column":23}},"loc":{"start":{"line":43,"column":49},"end":{"line":54,"column":3}},"line":43},"3":{"name":"isEmployeeDataExists","decl":{"start":{"line":56,"column":17},"end":{"line":56,"column":37}},"loc":{"start":{"line":56,"column":54},"end":{"line":63,"column":3}},"line":56}},"branchMap":{"0":{"loc":{"start":{"line":17,"column":6},"end":{"line":35,"column":7}},"type":"if","locations":[{"start":{"line":17,"column":6},"end":{"line":35,"column":7}},{"start":{"line":17,"column":6},"end":{"line":35,"column":7}}],"line":17},"1":{"loc":{"start":{"line":21,"column":8},"end":{"line":34,"column":9}},"type":"if","locations":[{"start":{"line":21,"column":8},"end":{"line":34,"column":9}},{"start":{"line":21,"column":8},"end":{"line":34,"column":9}}],"line":21},"2":{"loc":{"start":{"line":22,"column":10},"end":{"line":29,"column":11}},"type":"if","locations":[{"start":{"line":22,"column":10},"end":{"line":29,"column":11}},{"start":{"line":22,"column":10},"end":{"line":29,"column":11}}],"line":22},"3":{"loc":{"start":{"line":49,"column":4},"end":{"line":51,"column":5}},"type":"if","locations":[{"start":{"line":49,"column":4},"end":{"line":51,"column":5}},{"start":{"line":49,"column":4},"end":{"line":51,"column":5}}],"line":49},"4":{"loc":{"start":{"line":59,"column":4},"end":{"line":61,"column":5}},"type":"if","locations":[{"start":{"line":59,"column":4},"end":{"line":61,"column":5}},{"start":{"line":59,"column":4},"end":{"line":61,"column":5}}],"line":59}},"s":{"0":1,"1":2,"2":8,"3":8,"4":3,"5":3,"6":2,"7":2,"8":2,"9":2,"10":1,"11":1,"12":0,"13":1,"14":7,"15":8,"16":8,"17":8,"18":5,"19":3,"20":3,"21":2,"22":0,"23":2},"f":{"0":2,"1":8,"2":8,"3":3},"b":{"0":[2,0],"1":[1,1],"2":[1,0],"3":[5,3],"4":[0,2]},"_coverageSchema":"1a1c01bbd47fc00a2c39e90264f33305004495a9","hash":"9b6950a672a7bdc379235f7646ae1a4e60b3a856","contentHash":"9982163dc5367c68823805c6456efdf002122851b7e90e3bf3728309d28c92fb"},"/home/ad.rapidops.com/safi.shaikh/Desktop/Safi-Shaikh/Employees/src/use-case/delete-session.spec.js":{"path":"/home/ad.rapidops.com/safi.shaikh/Desktop/Safi-Shaikh/Employees/src/use-case/delete-session.spec.js","statementMap":{"0":{"start":{"line":1,"column":37},"end":{"line":1,"column":56}},"1":{"start":{"line":2,"column":12},"end":{"line":2,"column":26}},"2":{"start":{"line":3,"column":14},"end":{"line":3,"column":30}},"3":{"start":{"line":4,"column":15},"end":{"line":4,"column":37}},"4":{"start":{"line":5,"column":16},"end":{"line":5,"column":37}},"5":{"start":{"line":6,"column":55},"end":{"line":6,"column":79}},"6":{"start":{"line":7,"column":26},"end":{"line":7,"column":53}},"7":{"start":{"line":9,"column":16},"end":{"line":11,"column":1}},"8":{"start":{"line":12,"column":28},"end":{"line":12,"column":68}},"9":{"start":{"line":13,"column":0},"end":{"line":24,"column":3}},"10":{"start":{"line":14,"column":2},"end":{"line":17,"column":5}},"11":{"start":{"line":19,"column":2},"end":{"line":23,"column":3}},"12":{"start":{"line":20,"column":4},"end":{"line":20,"column":27}},"13":{"start":{"line":22,"column":4},"end":{"line":22,"column":27}},"14":{"start":{"line":26,"column":23},"end":{"line":28,"column":1}},"15":{"start":{"line":29,"column":24},"end":{"line":29,"column":67}},"16":{"start":{"line":30,"column":0},"end":{"line":39,"column":3}},"17":{"start":{"line":31,"column":2},"end":{"line":33,"column":5}},"18":{"start":{"line":34,"column":2},"end":{"line":38,"column":3}},"19":{"start":{"line":35,"column":4},"end":{"line":35,"column":16}},"20":{"start":{"line":37,"column":4},"end":{"line":37,"column":76}},"21":{"start":{"line":41,"column":22},"end":{"line":48,"column":2}},"22":{"start":{"line":50,"column":0},"end":{"line":56,"column":3}},"23":{"start":{"line":51,"column":2},"end":{"line":51,"column":27}},"24":{"start":{"line":52,"column":2},"end":{"line":52,"column":30}},"25":{"start":{"line":53,"column":2},"end":{"line":53,"column":36}},"26":{"start":{"line":54,"column":2},"end":{"line":54,"column":33}},"27":{"start":{"line":55,"column":2},"end":{"line":55,"column":25}},"28":{"start":{"line":57,"column":0},"end":{"line":65,"column":2}},"29":{"start":{"line":60,"column":4},"end":{"line":60,"column":61}},"30":{"start":{"line":61,"column":4},"end":{"line":61,"column":46}},"31":{"start":{"line":62,"column":4},"end":{"line":62,"column":52}},"32":{"start":{"line":63,"column":4},"end":{"line":63,"column":58}},"33":{"start":{"line":67,"column":0},"end":{"line":80,"column":3}},"34":{"start":{"line":68,"column":2},"end":{"line":79,"column":3}},"35":{"start":{"line":69,"column":4},"end":{"line":72,"column":7}},"36":{"start":{"line":74,"column":4},"end":{"line":78,"column":5}},"37":{"start":{"line":75,"column":6},"end":{"line":75,"column":31}},"38":{"start":{"line":77,"column":6},"end":{"line":77,"column":23}},"39":{"start":{"line":82,"column":0},"end":{"line":87,"column":2}},"40":{"start":{"line":85,"column":4},"end":{"line":85,"column":43}},"41":{"start":{"line":89,"column":0},"end":{"line":94,"column":2}},"42":{"start":{"line":92,"column":4},"end":{"line":92,"column":61}},"43":{"start":{"line":96,"column":0},"end":{"line":104,"column":2}},"44":{"start":{"line":99,"column":4},"end":{"line":102,"column":6}},"45":{"start":{"line":106,"column":0},"end":{"line":111,"column":2}},"46":{"start":{"line":109,"column":4},"end":{"line":109,"column":74}}},"fnMap":{"0":{"name":"(anonymous_0)","decl":{"start":{"line":10,"column":19},"end":{"line":10,"column":20}},"loc":{"start":{"line":10,"column":25},"end":{"line":10,"column":27}},"line":10},"1":{"name":"(anonymous_1)","decl":{"start":{"line":13,"column":30},"end":{"line":13,"column":31}},"loc":{"start":{"line":13,"column":40},"end":{"line":24,"column":1}},"line":13},"2":{"name":"(anonymous_2)","decl":{"start":{"line":27,"column":15},"end":{"line":27,"column":16}},"loc":{"start":{"line":27,"column":21},"end":{"line":27,"column":23}},"line":27},"3":{"name":"(anonymous_3)","decl":{"start":{"line":30,"column":26},"end":{"line":30,"column":27}},"loc":{"start":{"line":30,"column":36},"end":{"line":39,"column":1}},"line":30},"4":{"name":"(anonymous_4)","decl":{"start":{"line":50,"column":6},"end":{"line":50,"column":7}},"loc":{"start":{"line":50,"column":12},"end":{"line":56,"column":1}},"line":50},"5":{"name":"(anonymous_5)","decl":{"start":{"line":59,"column":2},"end":{"line":59,"column":3}},"loc":{"start":{"line":59,"column":60},"end":{"line":64,"column":3}},"line":59},"6":{"name":"(anonymous_6)","decl":{"start":{"line":67,"column":30},"end":{"line":67,"column":31}},"loc":{"start":{"line":67,"column":42},"end":{"line":80,"column":1}},"line":67},"7":{"name":"(anonymous_7)","decl":{"start":{"line":84,"column":2},"end":{"line":84,"column":3}},"loc":{"start":{"line":84,"column":15},"end":{"line":86,"column":3}},"line":84},"8":{"name":"(anonymous_8)","decl":{"start":{"line":91,"column":2},"end":{"line":91,"column":3}},"loc":{"start":{"line":91,"column":20},"end":{"line":93,"column":3}},"line":91},"9":{"name":"(anonymous_9)","decl":{"start":{"line":98,"column":2},"end":{"line":98,"column":3}},"loc":{"start":{"line":98,"column":40},"end":{"line":103,"column":3}},"line":98},"10":{"name":"(anonymous_10)","decl":{"start":{"line":108,"column":2},"end":{"line":108,"column":3}},"loc":{"start":{"line":108,"column":36},"end":{"line":110,"column":3}},"line":108}},"branchMap":{"0":{"loc":{"start":{"line":19,"column":2},"end":{"line":23,"column":3}},"type":"if","locations":[{"start":{"line":19,"column":2},"end":{"line":23,"column":3}},{"start":{"line":19,"column":2},"end":{"line":23,"column":3}}],"line":19},"1":{"loc":{"start":{"line":34,"column":2},"end":{"line":38,"column":3}},"type":"if","locations":[{"start":{"line":34,"column":2},"end":{"line":38,"column":3}},{"start":{"line":34,"column":2},"end":{"line":38,"column":3}}],"line":34},"2":{"loc":{"start":{"line":60,"column":19},"end":{"line":60,"column":60}},"type":"cond-expr","locations":[{"start":{"line":60,"column":29},"end":{"line":60,"column":48}},{"start":{"line":60,"column":51},"end":{"line":60,"column":60}}],"line":60},"3":{"loc":{"start":{"line":61,"column":22},"end":{"line":61,"column":45}},"type":"binary-expr","locations":[{"start":{"line":61,"column":22},"end":{"line":61,"column":32}},{"start":{"line":61,"column":36},"end":{"line":61,"column":45}}],"line":61},"4":{"loc":{"start":{"line":62,"column":25},"end":{"line":62,"column":51}},"type":"binary-expr","locations":[{"start":{"line":62,"column":25},"end":{"line":62,"column":38}},{"start":{"line":62,"column":42},"end":{"line":62,"column":51}}],"line":62},"5":{"loc":{"start":{"line":63,"column":28},"end":{"line":63,"column":57}},"type":"binary-expr","locations":[{"start":{"line":63,"column":28},"end":{"line":63,"column":44}},{"start":{"line":63,"column":48},"end":{"line":63,"column":57}}],"line":63},"6":{"loc":{"start":{"line":74,"column":4},"end":{"line":78,"column":5}},"type":"if","locations":[{"start":{"line":74,"column":4},"end":{"line":78,"column":5}},{"start":{"line":74,"column":4},"end":{"line":78,"column":5}}],"line":74}},"s":{"0":1,"1":1,"2":1,"3":1,"4":1,"5":1,"6":1,"7":1,"8":1,"9":1,"10":2,"11":2,"12":1,"13":1,"14":1,"15":1,"16":1,"17":3,"18":3,"19":2,"20":1,"21":1,"22":1,"23":138,"24":138,"25":138,"26":138,"27":138,"28":1,"29":8,"30":8,"31":8,"32":8,"33":1,"34":8,"35":8,"36":7,"37":7,"38":0,"39":1,"40":7,"41":1,"42":1,"43":1,"44":8,"45":1,"46":8},"f":{"0":0,"1":2,"2":0,"3":3,"4":138,"5":8,"6":8,"7":7,"8":1,"9":8,"10":8},"b":{"0":[1,1],"1":[2,1],"2":[7,1],"3":[8,4],"4":[8,0],"5":[8,0],"6":[7,0]},"_coverageSchema":"1a1c01bbd47fc00a2c39e90264f33305004495a9","hash":"b059d2ed5cd4b6414fc583b565ec0ca45956a6a2","contentHash":"77c8526bfe5609b743930656a51d5c4669be6c38eec8d6432f79c085f98206e8"},"/home/ad.rapidops.com/safi.shaikh/Desktop/Safi-Shaikh/Employees/src/use-case/download-profile-photo.js":{"path":"/home/ad.rapidops.com/safi.shaikh/Desktop/Safi-Shaikh/Employees/src/use-case/download-profile-photo.js","statementMap":{"0":{"start":{"line":1,"column":0},"end":{"line":56,"column":2}},"1":{"start":{"line":10,"column":2},"end":{"line":42,"column":4}},"2":{"start":{"line":11,"column":18},"end":{"line":11,"column":38}},"3":{"start":{"line":12,"column":4},"end":{"line":12,"column":21}},"4":{"start":{"line":14,"column":29},"end":{"line":14,"column":58}},"5":{"start":{"line":15,"column":4},"end":{"line":17,"column":5}},"6":{"start":{"line":16,"column":6},"end":{"line":16,"column":74}},"7":{"start":{"line":18,"column":21},"end":{"line":18,"column":50}},"8":{"start":{"line":19,"column":19},"end":{"line":22,"column":7}},"9":{"start":{"line":24,"column":4},"end":{"line":28,"column":5}},"10":{"start":{"line":25,"column":6},"end":{"line":27,"column":9}},"11":{"start":{"line":30,"column":20},"end":{"line":32,"column":5}},"12":{"start":{"line":34,"column":4},"end":{"line":37,"column":25}},"13":{"start":{"line":39,"column":4},"end":{"line":41,"column":6}},"14":{"start":{"line":45,"column":19},"end":{"line":47,"column":6}},"15":{"start":{"line":49,"column":29},"end":{"line":49,"column":52}},"16":{"start":{"line":51,"column":4},"end":{"line":53,"column":5}},"17":{"start":{"line":52,"column":6},"end":{"line":52,"column":47}},"18":{"start":{"line":54,"column":4},"end":{"line":54,"column":17}}},"fnMap":{"0":{"name":"makeDownloadProfilePhoto","decl":{"start":{"line":1,"column":26},"end":{"line":1,"column":50}},"loc":{"start":{"line":9,"column":3},"end":{"line":56,"column":1}},"line":9},"1":{"name":"downloadProfilePhoto","decl":{"start":{"line":10,"column":24},"end":{"line":10,"column":44}},"loc":{"start":{"line":10,"column":53},"end":{"line":42,"column":3}},"line":10},"2":{"name":"validateData","decl":{"start":{"line":44,"column":11},"end":{"line":44,"column":23}},"loc":{"start":{"line":44,"column":32},"end":{"line":55,"column":3}},"line":44}},"branchMap":{"0":{"loc":{"start":{"line":15,"column":4},"end":{"line":17,"column":5}},"type":"if","locations":[{"start":{"line":15,"column":4},"end":{"line":17,"column":5}},{"start":{"line":15,"column":4},"end":{"line":17,"column":5}}],"line":15},"1":{"loc":{"start":{"line":24,"column":4},"end":{"line":28,"column":5}},"type":"if","locations":[{"start":{"line":24,"column":4},"end":{"line":28,"column":5}},{"start":{"line":24,"column":4},"end":{"line":28,"column":5}}],"line":24},"2":{"loc":{"start":{"line":51,"column":4},"end":{"line":53,"column":5}},"type":"if","locations":[{"start":{"line":51,"column":4},"end":{"line":53,"column":5}},{"start":{"line":51,"column":4},"end":{"line":53,"column":5}}],"line":51}},"s":{"0":1,"1":2,"2":5,"3":3,"4":3,"5":2,"6":0,"7":2,"8":2,"9":2,"10":1,"11":2,"12":2,"13":2,"14":5,"15":5,"16":5,"17":2,"18":3},"f":{"0":2,"1":5,"2":5},"b":{"0":[0,2],"1":[1,1],"2":[2,3]},"_coverageSchema":"1a1c01bbd47fc00a2c39e90264f33305004495a9","hash":"7c1cc5cca8b232cf25a6d0a3051ebd51f2d5df3c","contentHash":"5e706cadc5d04f37a701382eadb91cac21dc67be325dbab5bd9cd3106424829b"},"/home/ad.rapidops.com/safi.shaikh/Desktop/Safi-Shaikh/Employees/src/use-case/download-profile-photo.spec.js":{"path":"/home/ad.rapidops.com/safi.shaikh/Desktop/Safi-Shaikh/Employees/src/use-case/download-profile-photo.spec.js","statementMap":{"0":{"start":{"line":1,"column":37},"end":{"line":1,"column":56}},"1":{"start":{"line":2,"column":12},"end":{"line":2,"column":26}},"2":{"start":{"line":3,"column":14},"end":{"line":3,"column":30}},"3":{"start":{"line":4,"column":13},"end":{"line":4,"column":28}},"4":{"start":{"line":5,"column":15},"end":{"line":5,"column":37}},"5":{"start":{"line":6,"column":16},"end":{"line":6,"column":37}},"6":{"start":{"line":7,"column":55},"end":{"line":7,"column":79}},"7":{"start":{"line":8,"column":33},"end":{"line":8,"column":68}},"8":{"start":{"line":10,"column":16},"end":{"line":16,"column":1}},"9":{"start":{"line":17,"column":11},"end":{"line":20,"column":1}},"10":{"start":{"line":21,"column":23},"end":{"line":23,"column":1}},"11":{"start":{"line":25,"column":19},"end":{"line":25,"column":50}},"12":{"start":{"line":26,"column":0},"end":{"line":49,"column":3}},"13":{"start":{"line":27,"column":2},"end":{"line":27,"column":56}},"14":{"start":{"line":30,"column":4},"end":{"line":32,"column":6}},"15":{"start":{"line":35,"column":6},"end":{"line":42,"column":9}},"16":{"start":{"line":45,"column":4},"end":{"line":45,"column":24}},"17":{"start":{"line":48,"column":2},"end":{"line":48,"column":18}},"18":{"start":{"line":51,"column":23},"end":{"line":51,"column":53}},"19":{"start":{"line":52,"column":0},"end":{"line":66,"column":3}},"20":{"start":{"line":53,"column":2},"end":{"line":60,"column":4}},"21":{"start":{"line":62,"column":2},"end":{"line":64,"column":3}},"22":{"start":{"line":63,"column":4},"end":{"line":63,"column":16}},"23":{"start":{"line":65,"column":2},"end":{"line":65,"column":15}},"24":{"start":{"line":67,"column":22},"end":{"line":67,"column":51}},"25":{"start":{"line":68,"column":0},"end":{"line":75,"column":3}},"26":{"start":{"line":69,"column":2},"end":{"line":74,"column":4}},"27":{"start":{"line":77,"column":28},"end":{"line":77,"column":75}},"28":{"start":{"line":78,"column":0},"end":{"line":87,"column":3}},"29":{"start":{"line":79,"column":2},"end":{"line":79,"column":43}},"30":{"start":{"line":80,"column":2},"end":{"line":85,"column":3}},"31":{"start":{"line":81,"column":4},"end":{"line":84,"column":6}},"32":{"start":{"line":86,"column":2},"end":{"line":86,"column":73}},"33":{"start":{"line":88,"column":29},"end":{"line":95,"column":2}},"34":{"start":{"line":97,"column":0},"end":{"line":103,"column":3}},"35":{"start":{"line":98,"column":2},"end":{"line":98,"column":22}},"36":{"start":{"line":99,"column":2},"end":{"line":99,"column":34}},"37":{"start":{"line":100,"column":2},"end":{"line":100,"column":36}},"38":{"start":{"line":102,"column":2},"end":{"line":102,"column":25}},"39":{"start":{"line":105,"column":0},"end":{"line":112,"column":2}},"40":{"start":{"line":108,"column":4},"end":{"line":108,"column":30}},"41":{"start":
[...]
ikh/Desktop/Safi-Shaikh/Employees/src/use-case/update-multiple-employees.spec.js":{"path":"/home/ad.rapidops.com/safi.shaikh/Desktop/Safi-Shaikh/Employees/src/use-case/update-multiple-employees.spec.js","statementMap":{"0":{"start":{"line":1,"column":37},"end":{"line":1,"column":56}},"1":{"start":{"line":2,"column":12},"end":{"line":2,"column":26}},"2":{"start":{"line":3,"column":14},"end":{"line":3,"column":30}},"3":{"start":{"line":4,"column":15},"end":{"line":4,"column":37}},"4":{"start":{"line":5,"column":16},"end":{"line":5,"column":37}},"5":{"start":{"line":6,"column":55},"end":{"line":6,"column":79}},"6":{"start":{"line":7,"column":36},"end":{"line":7,"column":74}},"7":{"start":{"line":9,"column":19},"end":{"line":9,"column":58}},"8":{"start":{"line":10,"column":38},"end":{"line":13,"column":1}},"9":{"start":{"line":14,"column":0},"end":{"line":24,"column":3}},"10":{"start":{"line":15,"column":2},"end":{"line":18,"column":5}},"11":{"start":{"line":20,"column":2},"end":{"line":22,"column":3}},"12":{"start":{"line":21,"column":4},"end":{"line":21,"column":27}},"13":{"start":{"line":23,"column":2},"end":{"line":23,"column":25}},"14":{"start":{"line":26,"column":32},"end":{"line":32,"column":2}},"15":{"start":{"line":34,"column":0},"end":{"line":38,"column":3}},"16":{"start":{"line":35,"column":2},"end":{"line":35,"column":30}},"17":{"start":{"line":36,"column":2},"end":{"line":36,"column":32}},"18":{"start":{"line":37,"column":2},"end":{"line":37,"column":25}},"19":{"start":{"line":39,"column":0},"end":{"line":45,"column":2}},"20":{"start":{"line":42,"column":4},"end":{"line":42,"column":70}},"21":{"start":{"line":43,"column":4},"end":{"line":43,"column":50}},"22":{"start":{"line":47,"column":0},"end":{"line":59,"column":3}},"23":{"start":{"line":48,"column":2},"end":{"line":58,"column":3}},"24":{"start":{"line":49,"column":4},"end":{"line":51,"column":7}},"25":{"start":{"line":53,"column":4},"end":{"line":57,"column":5}},"26":{"start":{"line":54,"column":6},"end":{"line":54,"column":31}},"27":{"start":{"line":56,"column":6},"end":{"line":56,"column":23}},"28":{"start":{"line":61,"column":0},"end":{"line":66,"column":2}},"29":{"start":{"line":64,"column":4},"end":{"line":64,"column":43}},"30":{"start":{"line":68,"column":0},"end":{"line":73,"column":2}},"31":{"start":{"line":71,"column":4},"end":{"line":71,"column":61}},"32":{"start":{"line":75,"column":0},"end":{"line":83,"column":2}},"33":{"start":{"line":78,"column":4},"end":{"line":81,"column":6}}},"fnMap":{"0":{"name":"(anonymous_0)","decl":{"start":{"line":9,"column":48},"end":{"line":9,"column":49}},"loc":{"start":{"line":9,"column":54},"end":{"line":9,"column":56}},"line":9},"1":{"name":"(anonymous_1)","decl":{"start":{"line":14,"column":40},"end":{"line":14,"column":41}},"loc":{"start":{"line":14,"column":50},"end":{"line":24,"column":1}},"line":14},"2":{"name":"(anonymous_2)","decl":{"start":{"line":34,"column":6},"end":{"line":34,"column":7}},"loc":{"start":{"line":34,"column":12},"end":{"line":38,"column":1}},"line":34},"3":{"name":"(anonymous_3)","decl":{"start":{"line":41,"column":2},"end":{"line":41,"column":3}},"loc":{"start":{"line":41,"column":32},"end":{"line":44,"column":3}},"line":41},"4":{"name":"(anonymous_4)","decl":{"start":{"line":47,"column":45},"end":{"line":47,"column":46}},"loc":{"start":{"line":47,"column":57},"end":{"line":59,"column":1}},"line":47},"5":{"name":"(anonymous_5)","decl":{"start":{"line":63,"column":2},"end":{"line":63,"column":3}},"loc":{"start":{"line":63,"column":15},"end":{"line":65,"column":3}},"line":63},"6":{"name":"(anonymous_6)","decl":{"start":{"line":70,"column":2},"end":{"line":70,"column":3}},"loc":{"start":{"line":70,"column":20},"end":{"line":72,"column":3}},"line":70},"7":{"name":"(anonymous_7)","decl":{"start":{"line":77,"column":2},"end":{"line":77,"column":3}},"loc":{"start":{"line":77,"column":50},"end":{"line":82,"column":3}},"line":77}},"branchMap":{"0":{"loc":{"start":{"line":20,"column":2},"end":{"line":22,"column":3}},"type":"if","locations":[{"start":{"line":20,"column":2},"end":{"line":22,"column":3}},{"start":{"line":20,"column":2},"end":{"line":22,"column":3}}],"line":20},"1":{"loc":{"start":{"line":42,"column":22},"end":{"line":42,"column":69}},"type":"cond-expr","locations":[{"start":{"line":42,"column":35},"end":{"line":42,"column":57}},{"start":{"line":42,"column":60},"end":{"line":42,"column":69}}],"line":42},"2":{"loc":{"start":{"line":43,"column":24},"end":{"line":43,"column":49}},"type":"binary-expr","locations":[{"start":{"line":43,"column":24},"end":{"line":43,"column":36}},{"start":{"line":43,"column":40},"end":{"line":43,"column":49}}],"line":43},"3":{"loc":{"start":{"line":53,"column":4},"end":{"line":57,"column":5}},"type":"if","locations":[{"start":{"line":53,"column":4},"end":{"line":57,"column":5}},{"start":{"line":53,"column":4},"end":{"line":57,"column":5}}],"line":53}},"s":{"0":1,"1":1,"2":1,"3":1,"4":1,"5":1,"6":1,"7":1,"8":1,"9":1,"10":2,"11":2,"12":1,"13":1,"14":1,"15":1,"16":138,"17":138,"18":138,"19":1,"20":13,"21":13,"22":1,"23":13,"24":13,"25":12,"26":12,"27":0,"28":1,"29":12,"30":1,"31":1,"32":1,"33":13},"f":{"0":0,"1":2,"2":138,"3":13,"4":13,"5":12,"6":1,"7":13},"b":{"0":[1,1],"1":[13,0],"2":[13,0],"3":[12,0]},"_coverageSchema":"1a1c01bbd47fc00a2c39e90264f33305004495a9","hash":"5cb5c1fe4626bf10fc70d1d1fadb61b846dc39ae","contentHash":"36efc93f5fb456e0bed8fd7d5363e965fd677966fff12777948fb2f3a7d0dc5e"},"/home/ad.rapidops.com/safi.shaikh/Desktop/Safi-Shaikh/Employees/src/use-case/update-profile-photo.spec.js":{"path":"/home/ad.rapidops.com/safi.shaikh/Desktop/Safi-Shaikh/Employees/src/use-case/update-profile-photo.spec.js","statementMap":{},"fnMap":{},"branchMap":{},"s":{},"f":{},"b":{},"_coverageSchema":"1a1c01bbd47fc00a2c39e90264f33305004495a9","hash":"6030a6955d6f03da678ec3609a339206f1a6b7ad","contentHash":"3862d53298d63cdb7bb53b2f072a2c23dea922501fd95b5f30c08c5ff9a0b45f"},"/home/ad.rapidops.com/safi.shaikh/Desktop/Safi-Shaikh/Employees/src/use-case/upload-profile-photo.spec.js":{"path":"/home/ad.rapidops.com/safi.shaikh/Desktop/Safi-Shaikh/Employees/src/use-case/upload-profile-photo.spec.js","statementMap":{},"fnMap":{},"branchMap":{},"s":{},"f":{},"b":{},"_coverageSchema":"1a1c01bbd47fc00a2c39e90264f33305004495a9","hash":"8b88213ee6db2ed056e647876e3331899fe2eb45","contentHash":"f1217ca922b126bd5ea32147f8f3219cc8abad3ed440aafc123f2c89bf8c93bc"},"/home/ad.rapidops.com/safi.shaikh/Desktop/Safi-Shaikh/Employees/src/use-case/varify-auth-token.spec.js":{"path":"/home/ad.rapidops.com/safi.shaikh/Desktop/Safi-Shaikh/Employees/src/use-case/varify-auth-token.spec.js","statementMap":{"0":{"start":{"line":1,"column":37},"end":{"line":1,"column":56}},"1":{"start":{"line":2,"column":12},"end":{"line":2,"column":26}},"2":{"start":{"line":3,"column":15},"end":{"line":3,"column":35}},"3":{"start":{"line":4,"column":14},"end":{"line":4,"column":30}},"4":{"start":{"line":5,"column":15},"end":{"line":5,"column":37}},"5":{"start":{"line":6,"column":16},"end":{"line":6,"column":37}},"6":{"start":{"line":11,"column":4},"end":{"line":11,"column":28}},"7":{"start":{"line":12,"column":28},"end":{"line":12,"column":58}},"8":{"start":{"line":14,"column":12},"end":{"line":16,"column":1}},"9":{"start":{"line":17,"column":19},"end":{"line":17,"column":46}},"10":{"start":{"line":18,"column":0},"end":{"line":26,"column":3}},"11":{"start":{"line":19,"column":2},"end":{"line":19,"column":66}},"12":{"start":{"line":21,"column":2},"end":{"line":25,"column":3}},"13":{"start":{"line":22,"column":4},"end":{"line":22,"column":59}},"14":{"start":{"line":24,"column":4},"end":{"line":24,"column":50}},"15":{"start":{"line":28,"column":16},"end":{"line":28,"column":45}},"16":{"start":{"line":29,"column":28},"end":{"line":29,"column":68}},"17":{"start":{"line":30,"column":0},"end":{"line":63,"column":3}},"18":{"start":{"line":31,"column":2},"end":{"line":33,"column":5}},"19":{"start":{"line":34,"column":2},"end":{"line":61,"column":3}},"20":{"start":{"line":35,"column":4},"end":{"line":48,"column":5}},"21":{"start":{"line":36,"column":6},"end":{"line":47,"column":8}},"22":{"start":{"line":49,"column":4},"end":{"line":60,"column":6}},"23":{"start":{"line":62,"column":2},"end":{"line":62,"column":12}},"24":{"start":{"line":65,"column":24},"end":{"line":73,"column":2}},"25":{"start":{"line":75,"column":0},"end":{"line":81,"column":3}},"26":{"start":{"line":76,"column":2},"end":{"line":76,"column":29}},"27":{"start":{"line":77,"column":2},"end":{"line":77,"column":32}},"28":{"start":{"line":78,"column":2},"end":{"line":78,"column":36}},"29":{"start":{"line":79,"column":2},"end":{"line":79,"column":34}},"30":{"start":{"line":80,"column":2},"end":{"line":80,"column":25}},"31":{"start":{"line":82,"column":0},"end":{"line":90,"column":2}},"32":{"start":{"line":85,"column":4},"end":{"line":85,"column":44}},"33":{"start":{"line":86,"column":4},"end":{"line":86,"column":50}},"34":{"start":{"line":87,"column":4},"end":{"line":87,"column":58}},"35":{"start":{"line":88,"column":4},"end":{"line":88,"column":54}},"36":{"start":{"line":92,"column":0},"end":{"line":102,"column":3}},"37":{"start":{"line":93,"column":2},"end":{"line":101,"column":3}},"38":{"start":{"line":94,"column":4},"end":{"line":94,"column":71}},"39":{"start":{"line":96,"column":4},"end":{"line":100,"column":5}},"40":{"start":{"line":97,"column":6},"end":{"line":97,"column":31}},"41":{"start":{"line":99,"column":6},"end":{"line":99,"column":23}},"42":{"start":{"line":104,"column":0},"end":{"line":109,"column":2}},"43":{"start":{"line":107,"column":4},"end":{"line":107,"column":43}},"44":{"start":{"line":111,"column":0},"end":{"line":116,"column":2}},"45":{"start":{"line":114,"column":4},"end":{"line":114,"column":55}},"46":{"start":{"line":118,"column":0},"end":{"line":123,"column":2}},"47":{"start":{"line":121,"column":4},"end":{"line":121,"column":64}},"48":{"start":{"line":125,"column":0},"end":{"line":133,"column":2}},"49":{"start":{"line":128,"column":4},"end":{"line":131,"column":6}}},"fnMap":{"0":{"name":"(anonymous_0)","decl":{"start":{"line":15,"column":10},"end":{"line":15,"column":11}},"loc":{"start":{"line":15,"column":16},"end":{"line":15,"column":18}},"line":15},"1":{"name":"(anonymous_1)","decl":{"start":{"line":18,"column":21},"end":{"line":18,"column":22}},"loc":{"start":{"line":18,"column":31},"end":{"line":26,"column":1}},"line":18},"2":{"name":"(anonymous_2)","decl":{"start":{"line":28,"column":35},"end":{"line":28,"column":36}},"loc":{"start":{"line":28,"column":41},"end":{"line":28,"column":43}},"line":28},"3":{"name":"(anonymous_3)","decl":{"start":{"line":30,"column":30},"end":{"line":30,"column":31}},"loc":{"start":{"line":30,"column":40},"end":{"line":63,"column":1}},"line":30},"4":{"name":"(anonymous_4)","decl":{"start":{"line":75,"column":6},"end":{"line":75,"column":7}},"loc":{"start":{"line":75,"column":12},"end":{"line":81,"column":1}},"line":75},"5":{"name":"(anonymous_5)","decl":{"start":{"line":84,"column":2},"end":{"line":84,"column":3}},"loc":{"start":{"line":84,"column":65},"end":{"line":89,"column":3}},"line":84},"6":{"name":"(anonymous_6)","decl":{"start":{"line":92,"column":33},"end":{"line":92,"column":34}},"loc":{"start":{"line":92,"column":45},"end":{"line":102,"column":1}},"line":92},"7":{"name":"(anonymous_7)","decl":{"start":{"line":106,"column":2},"end":{"line":106,"column":3}},"loc":{"start":{"line":106,"column":15},"end":{"line":108,"column":3}},"line":106},"8":{"name":"(anonymous_8)","decl":{"start":{"line":113,"column":2},"end":{"line":113,"column":3}},"loc":{"start":{"line":113,"column":14},"end":{"line":115,"column":3}},"line":113},"9":{"name":"(anonymous_9)","decl":{"start":{"line":120,"column":2},"end":{"line":120,"column":3}},"loc":{"start":{"line":120,"column":31},"end":{"line":122,"column":3}},"line":120},"10":{"name":"(anonymous_10)","decl":{"start":{"line":127,"column":2},"end":{"line":127,"column":3}},"loc":{"start":{"line":127,"column":40},"end":{"line":132,"column":3}},"line":127}},"branchMap":{"0":{"loc":{"start":{"line":21,"column":2},"end":{"line":25,"column":3}},"type":"if","locations":[{"start":{"line":21,"column":2},"end":{"line":25,"column":3}},{"start":{"line":21,"column":2},"end":{"line":25,"column":3}}],"line":21},"1":{"loc":{"start":{"line":34,"column":2},"end":{"line":61,"column":3}},"type":"if","locations":[{"start":{"line":34,"column":2},"end":{"line":61,"column":3}},{"start":{"line":34,"column":2},"end":{"line":61,"column":3}}],"line":34},"2":{"loc":{"start":{"line":35,"column":4},"end":{"line":48,"column":5}},"type":"if","locations":[{"start":{"line":35,"column":4},"end":{"line":48,"column":5}},{"start":{"line":35,"column":4},"end":{"line":48,"column":5}}],"line":35},"3":{"loc":{"start":{"line":85,"column":21},"end":{"line":85,"column":43}},"type":"binary-expr","locations":[{"start":{"line":85,"column":21},"end":{"line":85,"column":30}},{"start":{"line":85,"column":34},"end":{"line":85,"column":43}}],"line":85},"4":{"loc":{"start":{"line":86,"column":24},"end":{"line":86,"column":49}},"type":"binary-expr","locations":[{"start":{"line":86,"column":24},"end":{"line":86,"column":36}},{"start":{"line":86,"column":40},"end":{"line":86,"column":49}}],"line":86},"5":{"loc":{"start":{"line":87,"column":28},"end":{"line":87,"column":57}},"type":"binary-expr","locations":[{"start":{"line":87,"column":28},"end":{"line":87,"column":44}},{"start":{"line":87,"column":48},"end":{"line":87,"column":57}}],"line":87},"6":{"loc":{"start":{"line":88,"column":26},"end":{"line":88,"column":53}},"type":"binary-expr","locations":[{"start":{"line":88,"column":26},"end":{"line":88,"column":40}},{"start":{"line":88,"column":44},"end":{"line":88,"column":53}}],"line":88},"7":{"loc":{"start":{"line":96,"column":4},"end":{"line":100,"column":5}},"type":"if","locations":[{"start":{"line":96,"column":4},"end":{"line":100,"column":5}},{"start":{"line":96,"column":4},"end":{"line":100,"column":5}}],"line":96}},"s":{"0":1,"1":1,"2":1,"3":1,"4":1,"5":1,"6":1,"7":1,"8":1,"9":1,"10":1,"11":4,"12":4,"13":3,"14":1,"15":1,"16":1,"17":1,"18":3,"19":3,"20":2,"21":1,"22":1,"23":1,"24":1,"25":1,"26":138,"27":138,"28":138,"29":138,"30":138,"31":1,"32":6,"33":6,"34":6,"35":6,"36":1,"37":6,"38":6,"39":5,"40":5,"41":0,"42":1,"43":5,"44":1,"45":1,"46":1,"47":6,"48":1,"49":6},"f":{"0":0,"1":4,"2":0,"3":3,"4":138,"5":6,"6":6,"7":5,"8":1,"9":6,"10":6},"b":{"0":[3,1],"1":[2,1],"2":[1,1],"3":[6,1],"4":[6,0],"5":[6,0],"6":[6,0],"7":[5,0]},"_coverageSchema":"1a1c01bbd47fc00a2c39e90264f33305004495a9","hash":"e30842a8657ecfc95048906812a3a1b7e769aeb4","contentHash":"e099e8a983e3b4dbafc2976310508d42538278c62a64168f91e1cf580b46ac2e"},"/home/ad.rapidops.com/safi.shaikh/Desktop/Safi-Shaikh/Employees/src/use-case/varify-employee.spec.js":{"path":"/home/ad.rapidops.com/safi.shaikh/Desktop/Safi-Shaikh/Employees/src/use-case/varify-employee.spec.js","statementMap":{"0":{"start":{"line":1,"column":37},"end":{"line":1,"column":56}},"1":{"start":{"line":2,"column":12},"end":{"line":2,"column":26}},"2":{"start":{"line":3,"column":14},"end":{"line":3,"column":30}},"3":{"start":{"line":4,"column":15},"end":{"line":4,"column":37}},"4":{"start":{"line":5,"column":16},"end":{"line":5,"column":37}},"5":{"start":{"line":6,"column":55},"end":{"line":6,"column":79}},"6":{"start":{"line":7,"column":27},"end":{"line":7,"column":55}},"7":{"start":{"line":9,"column":19},"end":{"line":9,"column":49}},"8":{"start":{"line":10,"column":29},"end":{"line":10,"column":73}},"9":{"start":{"line":11,"column":0},"end":{"line":17,"column":3}},"10":{"start":{"line":12,"column":2},"end":{"line":12,"column":49}},"11":{"start":{"line":13,"column":2},"end":{"line":15,"column":3}},"12":{"start":{"line":14,"column":4},"end":{"line":14,"column":27}},"13":{"start":{"line":16,"column":2},"end":{"line":16,"column":25}},"14":{"start":{"line":19,"column":23},"end":{"line":25,"column":2}},"15":{"start":{"line":27,"column":0},"end":{"line":29,"column":3}},"16":{"start":{"line":28,"column":2},"end":{"line":28,"column":25}},"17":{"start":{"line":30,"column":0},"end":{"line":36,"column":2}},"18":{"start":{"line":33,"column":4},"end":{"line":33,"column":36}},"19":{"start":{"line":34,"column":4},"end":{"line":34,"column":58}},"20":{"start":{"line":38,"column":0},"end":{"line":48,"column":3}},"21":{"start":{"line":39,"column":2},"end":{"line":47,"column":3}},"22":{"start":{"line":40,"column":4},"end":{"line":40,"column":62}},"23":{"start":{"line":42,"column":4},"end":{"line":46,"column":5}},"24":{"start":{"line":43,"column":6},"end":{"line":43,"column":31}},"25":{"start":{"line":45,"column":6},"end":{"line":45,"column":23}},"26":{"start":{"line":50,"column":0},"end":{"line":55,"column":2}},"27":{"start":{"line":53,"column":4},"end":{"line":53,"column":43}},"28":{"start":{"line":57,"column":0},"end":{"line":62,"column":2}},"29":{"start":{"line":60,"column":4},"end":{"line":60,"column":61}},"30":{"start":{"line":64,"column":0},"end":{"line":72,"column":2}},"31":{"start":{"line":67,"column":4},"end":{"line":70,"column":6}}},"fnMap":{"0":{"name":"(anonymous_0)","decl":{"start":{"line":9,"column":39},"end":{"line":9,"column":40}},"loc":{"start":{"line":9,"column":45},"end":{"line":9,"column":47}},"line":9},"1":{"name":"(anonymous_1)","decl":{"start":{"line":11,"column":31},"end":{"line":11,"column":32}},"loc":{"start":{"line":11,"column":41},"end":{"line":17,"column":1}},"line":11},"2":{"name":"(anonymous_2)","decl":{"start":{"line":27,"column":6},"end":{"line":27,"column":7}},"loc":{"start":{"line":27,"column":12},"end":{"line":29,"column":1}},"line":27},"3":{"name":"(anonymous_3)","decl":{"start":{"line":32,"column":2},"end":{"line":32,"column":3}},"loc":{"start":{"line":32,"column":31},"end":{"line":35,"column":3}},"line":32},"4":{"name":"(anonymous_4)","decl":{"start":{"line":38,"column":31},"end":{"line":38,"column":32}},"loc":{"start":{"line":38,"column":43},"end":{"line":48,"column":1}},"line":38},"5":{"name":"(anonymous_5)","decl":{"start":{"line":52,"column":2},"end":{"line":52,"column":3}},"loc":{"start":{"line":52,"column":15},"end":{"line":54,"column":3}},"line":52},"6":{"name":"(anonymous_6)","decl":{"start":{"line":59,"column":2},"end":{"line":59,"column":3}},"loc":{"start":{"line":59,"column":20},"end":{"line":61,"column":3}},"line":59},"7":{"name":"(anonymous_7)","decl":{"start":{"line":66,"column":2},"end":{"line":66,"column":3}},"loc":{"start":{"line":66,"column":41},"end":{"line":71,"column":3}},"line":66}},"branchMap":{"0":{"loc":{"start":{"line":13,"column":2},"end":{"line":15,"column":3}},"type":"if","locations":[{"start":{"line":13,"column":2},"end":{"line":15,"column":3}},{"start":{"line":13,"column":2},"end":{"line":15,"column":3}}],"line":13},"1":{"loc":{"start":{"line":33,"column":17},"end":{"line":33,"column":35}},"type":"binary-expr","locations":[{"start":{"line":33,"column":17},"end":{"line":33,"column":22}},{"start":{"line":33,"column":26},"end":{"line":33,"column":35}}],"line":33},"2":{"loc":{"start":{"line":34,"column":28},"end":{"line":34,"column":57}},"type":"binary-expr","locations":[{"start":{"line":34,"column":28},"end":{"line":34,"column":44}},{"start":{"line":34,"column":48},"end":{"line":34,"column":57}}],"line":34},"3":{"loc":{"start":{"line":42,"column":4},"end":{"line":46,"column":5}},"type":"if","locations":[{"start":{"line":42,"column":4},"end":{"line":46,"column":5}},{"start":{"line":42,"column":4},"end":{"line":46,"column":5}}],"line":42}},"s":{"0":1,"1":1,"2":1,"3":1,"4":1,"5":1,"6":1,"7":1,"8":1,"9":1,"10":2,"11":2,"12":1,"13":1,"14":1,"15":1,"16":138,"17":1,"18":5,"19":5,"20":1,"21":5,"22":5,"23":4,"24":4,"25":0,"26":1,"27":4,"28":1,"29":1,"30":1,"31":5},"f":{"0":0,"1":2,"2":138,"3":5,"4":5,"5":4,"6":1,"7":5},"b":{"0":[1,1],"1":[5,1],"2":[5,0],"3":[4,0]},"_coverageSchema":"1a1c01bbd47fc00a2c39e90264f33305004495a9","hash":"8d5546fed11712bc6c2b44260998a8c207334318","contentHash":"b7810900e46dd9211ae88ca867e59c1c58839db8f6b6f9c9fd308e827f1520cf"}}